SF:app/__init__.py
end_of_record
SF:app/config/languages.py
DA:14,1
DA:17,1
DA:19,1
DA:20,1
DA:21,1
DA:22,1
DA:23,1
DA:26,1
DA:170,1
DA:180,0
DA:181,0
DA:182,0
DA:183,0
DA:184,0
DA:187,1
DA:194,0
LF:16
LH:10
FN:170,184,get_sources_label
FNDA:0,get_sources_label
FN:187,194,get_language_codes
FNDA:0,get_language_codes
FNF:2
FNH:0
end_of_record
SF:app/config/security_constants.py
DA:11,1
DA:15,1
DA:18,1
DA:23,1
DA:26,1
DA:42,1
DA:47,1
DA:52,1
DA:55,1
DA:60,1
DA:63,1
DA:66,1
DA:71,1
DA:76,1
DA:79,1
LF:15
LH:15
end_of_record
SF:app/core/auth.py
DA:7,1
DA:8,1
DA:9,1
DA:12,1
DA:33,0
DA:34,0
DA:35,0
DA:42,0
DA:43,0
DA:44,0
DA:51,0
DA:53,0
DA:54,0
DA:55,0
DA:62,0
DA:63,0
DA:64,0
DA:67,0
DA:69,0
DA:71,0
DA:72,0
DA:73,0
DA:79,0
DA:80,0
DA:81,0
DA:87,0
DA:88,0
DA:89,0
DA:95,0
DA:96,0
DA:97,0
DA:104,1
DA:111,0
LF:33
LH:5
FN:12,101,verify_firebase_token
FNDA:0,verify_firebase_token
FN:104,111,get_verified_user_id
FNDA:0,get_verified_user_id
FNF:2
FNH:0
end_of_record
SF:app/core/config.py
DA:2,1
DA:3,1
DA:5,1
DA:6,1
DA:9,1
DA:23,1
DA:26,1
DA:27,1
DA:30,1
DA:31,1
DA:32,1
DA:33,1
DA:34,1
DA:35,0
DA:36,0
DA:39,0
DA:42,1
DA:45,1
DA:47,1
DA:48,1
DA:49,1
DA:52,1
DA:53,1
DA:56,1
DA:57,1
DA:58,1
DA:70,1
DA:79,1
DA:88,1
DA:98,1
DA:101,1
DA:104,1
DA:105,0
DA:107,1
LF:34
LH:30
FN:9,39,_load_prompt_from_file
FNDA:1,_load_prompt_from_file
FNF:1
FNH:1
end_of_record
SF:app/core/constants.py
DA:9,1
DA:12,1
DA:13,1
DA:14,1
DA:17,1
DA:21,1
DA:22,1
DA:25,1
DA:26,1
DA:27,1
DA:30,1
DA:33,1
DA:34,1
DA:35,1
DA:36,1
DA:37,1
DA:40,1
DA:41,1
DA:44,1
DA:52,1
DA:55,1
DA:56,1
DA:57,1
DA:58,1
DA:60,1
DA:68,1
DA:78,1
DA:81,1
DA:82,1
DA:83,1
DA:84,1
DA:87,1
DA:90,1
DA:91,1
DA:94,1
DA:97,1
DA:98,1
DA:101,1
DA:104,1
DA:105,1
DA:106,1
DA:109,1
DA:110,1
DA:113,1
DA:116,1
DA:117,1
DA:118,1
DA:121,1
DA:124,1
DA:125,1
DA:126,1
DA:129,1
DA:132,1
DA:133,1
DA:134,1
DA:135,1
LF:56
LH:56
end_of_record
SF:app/core/firebase.py
DA:8,1
DA:9,1
DA:11,1
DA:12,1
DA:13,1
DA:16,1
DA:32,1
DA:33,1
DA:34,1
DA:36,1
DA:39,1
DA:40,1
DA:41,0
DA:42,0
DA:43,0
DA:44,0
DA:45,0
DA:46,0
DA:47,0
DA:48,0
DA:49,0
DA:52,1
DA:53,1
DA:54,0
DA:55,0
DA:56,0
DA:57,0
DA:58,0
DA:59,0
DA:60,0
DA:63,1
DA:64,1
DA:65,1
DA:66,1
DA:67,1
DA:68,1
DA:69,1
DA:70,0
DA:71,0
DA:74,0
DA:80,0
DA:81,0
DA:86,1
DA:87,1
DA:88,0
DA:89,0
DA:90,0
LF:47
LH:23
FN:16,81,initialize_firebase
FNDA:1,initialize_firebase
FNF:1
FNH:1
end_of_record
SF:app/core/logging.py
DA:5,1
DA:6,1
DA:8,1
DA:11,1
DA:14,1
DA:17,1
DA:18,1
DA:21,1
DA:29,1
DA:41,1
DA:53,1
DA:64,1
DA:74,0
DA:78,1
LF:14
LH:13
FN:64,74,get_logger
FNDA:0,get_logger
FNF:1
FNH:0
end_of_record
SF:app/core/security.py
DA:7,1
DA:8,1
DA:9,1
DA:12,1
DA:36,1
DA:37,0
DA:40,1
DA:43,1
DA:46,1
DA:47,1
DA:48,1
DA:51,1
DA:54,1
DA:55,0
DA:58,1
DA:60,0
DA:61,0
DA:62,0
DA:63,0
DA:64,0
DA:66,0
DA:68,1
DA:71,1
DA:88,0
DA:89,0
DA:91,0
DA:92,0
DA:95,1
DA:105,1
LF:29
LH:17
FN:12,68,sanitize_filename
FNDA:1,sanitize_filename
FN:71,92,validate_file_extension
FNDA:0,validate_file_extension
FN:95,105,get_safe_file_size_mb
FNDA:1,get_safe_file_size_mb
FNF:3
FNH:2
end_of_record
SF:app/db/chroma_client.py
DA:13,1
DA:15,1
DA:16,1
DA:17,1
DA:18,1
DA:19,1
DA:20,1
DA:23,1
DA:26,1
DA:31,1
DA:54,1
DA:55,1
DA:58,1
DA:59,1
DA:60,1
DA:70,1
DA:71,1
DA:72,0
DA:73,0
DA:74,0
DA:79,1
DA:89,1
DA:90,1
DA:91,1
DA:94,1
DA:107,1
DA:111,1
DA:112,1
DA:117,1
DA:144,1
DA:146,1
DA:149,1
DA:152,1
DA:158,1
DA:161,1
DA:163,1
DA:164,1
DA:165,1
DA:168,1
DA:171,1
DA:192,1
DA:193,1
DA:194,1
DA:196,1
DA:198,1
DA:200,1
DA:201,1
DA:202,1
DA:204,1
LF:49
LH:46
FN:31,74,get_embedding_function
FNDA:1,get_embedding_function
FN:79,91,get_chroma_client
FNDA:1,get_chroma_client
FN:94,112,get_chroma_collection
FNDA:1,get_chroma_collection
FN:117,168,get_vector_store
FNDA:1,get_vector_store
FN:171,204,get_chroma_collection_direct
FNDA:1,get_chroma_collection_direct
FNF:5
FNH:5
end_of_record
SF:app/repositories/__init__.py
end_of_record
SF:app/repositories/dependencies.py
DA:8,1
DA:10,1
DA:11,1
DA:12,1
DA:14,1
DA:15,1
DA:18,1
DA:42,1
LF:8
LH:8
FN:18,42,get_vector_store_repository
FNDA:1,get_vector_store_repository
FNF:1
FNH:1
end_of_record
SF:app/repositories/vector_store_repository.py
DA:17,1
DA:19,1
DA:20,1
DA:21,1
DA:23,1
DA:26,1
DA:39,1
DA:47,1
DA:48,1
DA:49,1
DA:53,1
DA:71,1
DA:72,1
DA:74,1
DA:75,1
DA:76,1
DA:77,1
DA:78,1
DA:80,1
DA:81,1
DA:83,0
DA:84,0
DA:85,0
DA:89,1
DA:100,1
DA:101,1
DA:105,1
DA:106,1
DA:107,1
DA:108,0
DA:109,0
DA:110,0
DA:112,1
DA:132,1
DA:133,1
DA:137,1
DA:138,1
DA:139,1
DA:140,1
DA:141,0
DA:142,0
DA:143,0
DA:145,1
DA:156,1
DA:157,1
DA:161,1
DA:162,1
DA:163,1
DA:164,0
DA:165,0
DA:166,0
DA:168,1
DA:185,1
DA:187,1
DA:192,1
DA:193,1
DA:194,0
DA:195,0
DA:196,0
DA:198,1
DA:223,1
DA:225,1
DA:227,1
DA:233,1
DA:234,1
DA:236,0
DA:242,0
DA:244,1
DA:246,1
DA:252,1
DA:265,1
DA:267,1
DA:271,1
DA:274,1
DA:278,1
DA:279,1
DA:281,0
DA:282,0
DA:283,0
DA:285,1
DA:297,1
DA:299,1
DA:303,1
DA:306,1
DA:308,1
DA:309,1
DA:311,0
DA:312,0
DA:313,0
LF:89
LH:66
FN:39,49,VectorStoreRepository.__init__
FNDA:1,VectorStoreRepository.__init__
FN:53,85,VectorStoreRepository.add_documents
FNDA:1,VectorStoreRepository.add_documents
FN:89,110,VectorStoreRepository.check_document_exists
FNDA:1,VectorStoreRepository.check_document_exists
FN:112,143,VectorStoreRepository.get_user_chunks_sample
FNDA:1,VectorStoreRepository.get_user_chunks_sample
FN:145,166,VectorStoreRepository.count_document_chunks
FNDA:1,VectorStoreRepository.count_document_chunks
FN:168,196,VectorStoreRepository.similarity_search
FNDA:1,VectorStoreRepository.similarity_search
FN:198,248,VectorStoreRepository.get_retriever
FNDA:1,VectorStoreRepository.get_retriever
FN:252,283,VectorStoreRepository.delete_document
FNDA:1,VectorStoreRepository.delete_document
FN:285,313,VectorStoreRepository.delete_all_user_documents
FNDA:1,VectorStoreRepository.delete_all_user_documents
FNF:9
FNH:9
end_of_record
SF:app/routers/auth_router.py
DA:7,1
DA:8,1
DA:10,1
DA:11,1
DA:17,1
DA:18,1
DA:19,1
DA:20,1
DA:21,1
DA:23,1
DA:26,1
DA:28,1
DA:31,0
DA:32,0
DA:33,0
DA:36,1
DA:56,1
DA:57,1
DA:59,1
DA:60,1
DA:62,1
DA:65,1
DA:78,1
DA:79,1
DA:84,1
DA:86,1
DA:87,1
DA:88,1
DA:89,1
DA:90,1
DA:91,1
DA:92,1
DA:99,1
DA:100,1
DA:103,1
DA:117,1
DA:118,1
DA:123,1
DA:124,1
DA:125,1
DA:126,1
DA:128,1
DA:129,1
DA:130,1
DA:132,1
DA:135,1
DA:136,1
DA:141,1
DA:143,1
DA:148,1
DA:154,1
DA:155,1
DA:156,1
DA:161,1
DA:166,1
DA:167,1
DA:168,1
DA:178,1
DA:191,0
DA:192,0
DA:194,0
DA:196,0
DA:197,0
DA:198,0
DA:200,0
DA:201,0
DA:202,0
DA:203,0
DA:206,0
DA:207,0
DA:208,0
DA:209,0
DA:212,0
DA:213,0
DA:214,0
DA:216,0
DA:217,0
DA:219,0
DA:222,1
DA:235,1
DA:236,1
DA:237,1
DA:238,1
DA:239,1
DA:240,1
DA:241,1
DA:242,1
DA:243,1
DA:249,1
DA:263,1
DA:264,1
DA:265,1
DA:266,1
DA:271,0
DA:272,0
DA:273,0
DA:279,1
DA:293,1
DA:295,1
DA:296,1
DA:297,0
DA:298,0
DA:299,0
DA:304,1
DA:305,1
DA:306,1
DA:311,1
DA:313,1
DA:314,0
DA:315,0
DA:320,1
DA:321,1
DA:322,1
DA:327,1
DA:329,1
DA:332,1
DA:343,1
DA:344,1
DA:346,1
DA:347,1
DA:348,1
DA:350,1
DA:351,0
DA:353,1
DA:354,1
DA:355,1
DA:359,1
DA:360,1
DA:361,0
DA:362,0
DA:365,1
DA:374,1
DA:375,1
DA:380,1
DA:381,0
DA:382,0
DA:385,1
DA:386,1
DA:407,1
DA:410,1
DA:413,1
DA:414,1
DA:416,1
DA:417,0
DA:418,0
DA:421,1
DA:422,0
DA:423,0
DA:428,1
DA:429,1
DA:432,1
DA:433,1
DA:434,1
DA:437,1
DA:440,1
DA:441,1
DA:443,1
DA:446,1
DA:447,1
DA:462,0
DA:463,0
DA:464,0
DA:467,0
DA:468,0
DA:470,0
DA:476,0
DA:477,0
DA:478,0
DA:484,1
DA:485,1
DA:505,1
DA:507,1
DA:509,1
DA:515,1
DA:516,0
DA:517,0
DA:522,1
DA:523,1
DA:528,1
DA:529,1
DA:530,0
DA:531,0
DA:532,0
DA:538,1
DA:539,1
DA:549,1
DA:550,1
DA:551,1
DA:553,1
DA:554,1
DA:558,0
DA:559,0
DA:560,0
DA:566,1
DA:567,1
DA:586,1
DA:588,1
DA:589,1
DA:590,1
DA:593,1
DA:594,1
DA:595,1
DA:598,1
DA:599,1
DA:602,1
DA:604,1
DA:606,1
DA:613,0
DA:614,0
DA:615,0
DA:621,1
DA:622,1
DA:640,0
DA:642,0
DA:643,0
DA:644,0
DA:650,0
DA:652,0
DA:655,0
DA:657,0
DA:659,0
DA:667,0
DA:668,0
DA:669,0
DA:673,0
DA:674,0
DA:675,0
LF:227
LH:152
FN:28,33,get_db
FNDA:0,get_db
FN:36,62,calculate_remaining_queries
FNDA:1,calculate_remaining_queries
FN:65,95,get_current_user_id
FNDA:1,get_current_user_id
FN:103,175,load_app_config
FNDA:1,load_app_config
FN:178,219,get_unlimited_emails
FNDA:0,get_unlimited_emails
FN:222,246,_verify_token_and_get_user_info
FNDA:1,_verify_token_and_get_user_info
FN:249,276,_assign_tier_to_user
FNDA:1,_assign_tier_to_user
FN:279,329,_validate_invitation_code
FNDA:1,_validate_invitation_code
FN:332,362,_check_code_expiration
FNDA:1,_check_code_expiration
FN:365,382,_mark_code_as_used
FNDA:1,_mark_code_as_used
FN:386,443,register_user
FNDA:1,register_user
FN:447,481,refresh_user_claims
FNDA:0,refresh_user_claims
FN:485,535,request_invitation_code
FNDA:1,request_invitation_code
FN:539,563,get_tier_limits
FNDA:1,get_tier_limits
FN:567,618,get_user_usage
FNDA:1,get_user_usage
FN:622,678,set_user_tier_admin
FNDA:0,set_user_tier_admin
FNF:16
FNH:12
end_of_record
SF:app/routers/documents_router.py
DA:14,1
DA:16,1
DA:17,1
DA:18,1
DA:19,1
DA:20,1
DA:26,1
DA:27,1
DA:31,1
DA:33,1
DA:36,1
DA:37,1
DA:57,1
DA:58,1
DA:61,1
DA:62,1
DA:64,1
DA:65,0
DA:66,0
DA:72,1
DA:73,0
DA:78,1
DA:81,1
DA:82,1
DA:88,1
DA:89,1
DA:91,1
DA:92,1
DA:93,1
DA:96,1
DA:97,0
DA:98,0
DA:99,0
DA:104,1
DA:106,0
DA:107,0
DA:108,0
DA:109,0
DA:110,0
DA:116,1
DA:117,1
DA:120,1
DA:126,1
DA:127,1
DA:131,1
DA:133,1
DA:139,0
DA:140,0
DA:143,0
DA:144,0
DA:145,0
DA:151,1
DA:152,1
DA:163,0
DA:164,0
DA:169,0
DA:172,0
DA:173,0
DA:179,0
DA:180,0
DA:181,0
DA:185,0
DA:190,0
DA:191,0
DA:197,1
DA:198,1
DA:207,1
DA:208,1
DA:209,1
DA:210,0
DA:211,0
DA:212,0
DA:218,1
DA:219,1
DA:228,1
DA:229,1
DA:230,1
DA:235,0
DA:236,0
DA:242,1
DA:243,1
DA:258,1
DA:259,1
DA:263,1
DA:264,1
DA:268,1
DA:269,0
DA:275,1
DA:279,1
DA:284,0
DA:285,0
DA:286,0
DA:287,0
DA:288,0
DA:294,1
DA:295,1
DA:309,1
DA:310,1
DA:314,1
DA:315,1
DA:317,1
DA:318,0
DA:324,1
DA:328,1
DA:332,0
DA:333,0
DA:334,0
DA:335,0
DA:336,0
LF:109
LH:65
FN:37,148,upload_document
FNDA:1,upload_document
FN:152,194,detect_document_language
FNDA:0,detect_document_language
FN:198,215,check_documents
FNDA:1,check_documents
FN:219,239,list_documents
FNDA:1,list_documents
FN:243,291,delete_document
FNDA:1,delete_document
FN:295,339,delete_all_documents
FNDA:1,delete_all_documents
FNF:6
FNH:5
end_of_record
SF:app/routers/query_router.py
DA:10,1
DA:11,1
DA:12,1
DA:18,1
DA:19,1
DA:20,1
DA:21,1
DA:22,1
DA:24,1
DA:27,1
DA:28,1
DA:45,1
DA:47,1
DA:48,1
DA:49,1
DA:50,1
DA:51,1
DA:52,1
DA:53,1
DA:54,0
DA:55,0
DA:57,1
DA:58,0
DA:60,1
DA:62,1
DA:65,1
DA:66,1
DA:67,1
DA:69,1
DA:70,1
DA:71,1
DA:74,1
DA:75,1
DA:78,1
DA:79,0
DA:80,0
DA:82,1
DA:83,1
DA:84,1
DA:87,1
DA:88,1
DA:90,1
DA:92,1
DA:93,0
DA:94,0
DA:99,1
DA:102,1
DA:103,1
DA:105,1
DA:106,1
DA:109,1
DA:114,1
DA:115,1
DA:116,1
DA:118,1
DA:119,1
DA:122,1
DA:132,1
DA:133,1
DA:136,1
DA:137,1
DA:138,1
DA:139,1
DA:140,1
DA:141,1
DA:142,1
DA:143,1
DA:144,1
DA:146,1
DA:147,0
DA:148,0
DA:149,0
DA:150,0
DA:151,0
DA:152,0
DA:153,0
DA:154,0
DA:155,0
DA:156,0
DA:157,0
DA:158,0
DA:164,1
DA:165,1
DA:177,0
DA:178,0
DA:179,0
DA:180,0
DA:181,0
DA:182,0
DA:183,0
LF:90
LH:64
FN:28,161,query_document
FNDA:1,query_document
FN:165,186,summarize_conversation
FNDA:0,summarize_conversation
FNF:2
FNH:1
end_of_record
SF:app/routers/support_router.py
DA:10,1
DA:11,1
DA:12,1
DA:14,1
DA:15,1
DA:16,1
DA:17,1
DA:18,1
DA:23,1
DA:24,1
DA:26,1
DA:29,1
DA:30,1
DA:43,0
DA:54,0
DA:60,1
DA:61,1
DA:81,1
DA:82,1
DA:83,1
DA:89,1
DA:90,1
DA:91,1
DA:93,1
DA:94,1
DA:95,1
DA:96,1
DA:97,1
DA:98,1
DA:101,1
DA:102,1
DA:105,1
DA:117,1
DA:118,1
DA:119,1
DA:122,1
DA:123,1
DA:135,1
DA:136,1
DA:140,1
DA:149,1
DA:150,1
DA:166,0
DA:167,0
DA:170,0
DA:181,0
DA:182,0
DA:183,0
DA:186,0
DA:187,0
DA:197,0
DA:198,0
DA:199,0
DA:200,0
DA:202,0
DA:205,0
DA:209,0
LF:57
LH:40
FN:30,57,get_supported_languages
FNDA:0,get_supported_languages
FN:61,146,report_bug
FNDA:1,report_bug
FN:150,214,submit_feedback
FNDA:0,submit_feedback
FNF:3
FNH:1
end_of_record
SF:app/schemas/auth_schema.py
DA:7,1
DA:9,1
DA:12,1
DA:20,1
DA:21,1
DA:24,1
DA:33,1
DA:34,1
DA:35,1
DA:38,1
DA:47,1
DA:48,1
DA:49,1
DA:52,1
DA:60,1
DA:61,1
LF:16
LH:16
end_of_record
SF:app/schemas/rag_schema.py
DA:2,1
DA:4,1
DA:9,1
DA:18,1
DA:24,1
DA:27,1
DA:28,1
DA:31,1
DA:32,1
DA:33,1
DA:36,1
DA:38,1
DA:42,1
DA:47,1
DA:48,1
DA:49,1
DA:50,1
DA:51,1
DA:56,1
DA:61,1
DA:62,1
DA:63,1
DA:64,1
DA:65,1
DA:67,1
DA:72,1
DA:77,1
DA:78,1
DA:79,1
DA:80,1
DA:81,1
DA:82,1
DA:84,1
DA:91,1
DA:96,1
DA:97,1
DA:102,1
DA:104,1
DA:105,1
DA:106,1
DA:107,1
DA:109,1
DA:114,1
DA:118,1
DA:123,1
DA:128,1
DA:133,1
DA:134,1
DA:135,1
DA:137,0
DA:138,0
DA:139,0
DA:141,1
DA:143,1
DA:144,1
DA:148,1
DA:156,1
DA:158,1
DA:159,1
DA:161,1
DA:163,1
DA:168,1
DA:170,1
DA:174,1
DA:176,1
DA:177,1
DA:178,1
DA:179,1
DA:181,1
DA:183,1
DA:184,1
DA:185,1
DA:187,1
DA:189,1
DA:190,1
DA:191,1
DA:193,1
DA:195,1
DA:196,1
DA:197,1
DA:199,1
DA:201,1
DA:202,1
DA:203,1
DA:204,1
DA:205,1
DA:207,1
DA:209,1
DA:210,1
DA:214,1
DA:216,1
DA:217,1
DA:219,1
DA:221,1
DA:225,1
DA:229,1
DA:230,1
LF:97
LH:94
FN:135,139,QueryClassification.ensure_category_alias
FNDA:0,QueryClassification.ensure_category_alias
FNF:1
FNH:0
end_of_record
SF:app/schemas/use_cases.py
DA:8,1
DA:9,1
DA:11,1
DA:14,1
DA:19,1
DA:20,1
DA:21,1
DA:22,1
DA:23,1
DA:24,1
DA:25,1
DA:28,1
DA:32,1
DA:33,1
DA:34,1
DA:35,1
DA:36,1
DA:37,1
DA:38,1
DA:41,1
DA:45,1
DA:46,1
DA:47,1
DA:48,1
DA:49,1
DA:50,1
DA:51,1
DA:55,1
DA:128,1
DA:132,1
DA:136,1
DA:140,1
DA:144,1
DA:150,1
DA:160,1
DA:163,1
DA:173,1
DA:182,1
LF:38
LH:38
FN:150,160,get_use_case_definition
FNDA:1,get_use_case_definition
FN:163,182,get_output_format_description
FNDA:1,get_output_format_description
FNF:2
FNH:2
end_of_record
SF:app/services/answer_generation_service.py
DA:15,1
DA:17,1
DA:18,1
DA:19,1
DA:20,1
DA:21,1
DA:22,1
DA:23,1
DA:24,1
DA:25,1
DA:28,1
DA:30,1
DA:31,1
DA:38,1
DA:40,0
DA:41,0
DA:49,1
DA:57,1
DA:77,1
DA:78,1
DA:79,1
DA:80,1
DA:81,1
DA:82,1
DA:84,1
DA:107,1
DA:109,1
DA:110,1
DA:112,1
DA:113,1
DA:114,1
DA:115,0
DA:118,1
DA:119,1
DA:121,1
DA:124,1
DA:125,1
DA:126,1
DA:128,1
DA:131,1
DA:136,1
DA:137,1
DA:140,1
DA:144,1
DA:145,1
DA:147,1
DA:169,1
DA:170,1
DA:172,1
DA:175,1
DA:183,1
DA:184,1
DA:185,1
DA:187,1
DA:188,1
DA:189,1
DA:191,1
DA:192,1
DA:193,1
DA:195,1
DA:196,1
DA:197,1
DA:199,1
DA:200,1
DA:203,1
DA:204,1
DA:210,1
DA:212,1
DA:214,1
DA:234,1
DA:235,1
DA:236,0
DA:237,0
DA:240,0
DA:241,0
DA:243,1
DA:246,1
DA:254,1
DA:255,0
DA:257,1
DA:260,1
DA:267,1
DA:269,1
DA:270,1
DA:271,1
DA:274,1
DA:279,1
DA:280,0
DA:281,0
DA:284,1
DA:285,1
DA:286,1
DA:287,1
DA:289,1
DA:291,0
DA:292,0
DA:293,0
DA:294,0
DA:297,0
DA:299,1
DA:309,1
DA:310,1
DA:311,1
DA:312,1
DA:313,1
DA:315,1
DA:325,1
DA:333,1
LF:108
LH:93
FN:28,35,_build_rag_prompt
FNDA:1,_build_rag_prompt
FN:38,46,_build_rag_prompt_with_history
FNDA:0,_build_rag_prompt_with_history
FN:57,82,AnswerGenerationService.__init__
FNDA:1,AnswerGenerationService.__init__
FN:84,145,AnswerGenerationService.generate_answer
FNDA:1,AnswerGenerationService.generate_answer
FN:147,212,AnswerGenerationService._retrieve_and_rerank
FNDA:1,AnswerGenerationService._retrieve_and_rerank
FN:214,297,AnswerGenerationService._generate_llm_response
FNDA:1,AnswerGenerationService._generate_llm_response
FN:299,313,AnswerGenerationService._handle_no_documents
FNDA:1,AnswerGenerationService._handle_no_documents
FN:315,333,AnswerGenerationService._get_sources_label
FNDA:1,AnswerGenerationService._get_sources_label
FNF:8
FNH:7
end_of_record
SF:app/services/conversation_service.py
DA:13,1
DA:15,1
DA:16,1
DA:17,1
DA:20,1
DA:28,1
DA:35,1
DA:37,1
DA:51,0
DA:53,0
DA:59,0
DA:73,0
DA:74,0
DA:76,0
DA:77,0
DA:78,0
DA:80,0
DA:81,0
DA:82,0
LF:19
LH:8
FN:28,35,ConversationService.__init__
FNDA:1,ConversationService.__init__
FN:37,82,ConversationService.generate_conversation_summary
FNDA:0,ConversationService.generate_conversation_summary
FNF:2
FNH:1
end_of_record
SF:app/services/document_classifier_service.py
DA:8,1
DA:10,1
DA:12,1
DA:13,1
DA:15,1
DA:20,1
DA:22,1
DA:27,1
DA:38,1
DA:40,1
DA:41,1
DA:42,0
DA:44,1
DA:46,1
DA:57,1
DA:63,1
DA:69,1
DA:70,1
DA:73,1
DA:74,1
DA:75,0
DA:77,1
DA:80,1
DA:82,1
LF:24
LH:22
FN:20,25,DocumentClassifierService.__init__
FNDA:1,DocumentClassifierService.__init__
FN:27,44,DocumentClassifierService.classify_document
FNDA:1,DocumentClassifierService.classify_document
FN:46,80,DocumentClassifierService.has_structural_density
FNDA:1,DocumentClassifierService.has_structural_density
FNF:3
FNH:3
end_of_record
SF:app/services/document_indexing_service.py
DA:15,1
DA:16,1
DA:17,1
DA:18,1
DA:20,1
DA:21,1
DA:22,1
DA:26,1
DA:27,1
DA:28,1
DA:29,1
DA:30,1
DA:31,1
DA:34,1
DA:41,1
DA:55,1
DA:56,1
DA:57,1
DA:59,1
DA:80,1
DA:83,1
DA:87,1
DA:89,1
DA:90,1
DA:91,1
DA:92,0
DA:95,1
DA:96,1
DA:99,1
DA:100,1
DA:103,1
DA:104,1
DA:108,1
DA:111,1
DA:114,1
DA:117,1
DA:122,1
DA:123,1
DA:126,1
DA:127,1
DA:130,1
DA:131,1
DA:132,1
DA:134,0
DA:135,0
DA:136,0
DA:140,1
DA:141,1
DA:143,1
DA:160,1
DA:162,1
DA:163,0
DA:164,0
DA:167,1
DA:168,0
DA:169,0
DA:170,0
DA:172,1
DA:174,1
DA:179,1
DA:181,0
DA:184,0
DA:185,0
DA:188,1
DA:189,1
DA:190,1
DA:192,1
DA:194,1
DA:213,1
DA:214,1
DA:215,1
DA:216,1
DA:218,1
DA:220,1
DA:223,1
DA:224,0
DA:225,0
DA:228,1
DA:230,0
DA:231,0
DA:232,0
DA:233,1
DA:234,1
DA:237,1
DA:238,1
DA:239,1
DA:240,1
DA:241,1
DA:243,1
DA:245,1
DA:247,1
DA:257,1
DA:258,1
DA:261,1
DA:262,1
DA:264,1
DA:269,1
DA:270,1
DA:271,1
DA:274,1
DA:276,1
DA:277,1
DA:278,1
DA:280,1
DA:285,1
DA:286,1
DA:287,1
DA:292,1
DA:294,1
DA:311,0
DA:313,0
DA:314,0
DA:315,0
DA:316,0
DA:319,0
DA:320,0
DA:323,0
DA:324,0
DA:327,0
DA:329,0
DA:330,0
DA:331,0
DA:334,0
DA:335,0
DA:337,0
DA:338,0
DA:340,0
DA:341,0
DA:342,0
DA:346,0
DA:347,0
LF:131
LH:92
FN:41,57,DocumentIndexingService.__init__
FNDA:1,DocumentIndexingService.__init__
FN:59,141,DocumentIndexingService.index_document
FNDA:1,DocumentIndexingService.index_document
FN:143,192,DocumentIndexingService._apply_chunking_strategy
FNDA:1,DocumentIndexingService._apply_chunking_strategy
FN:194,245,DocumentIndexingService._prepare_chunks_with_metadata
FNDA:1,DocumentIndexingService._prepare_chunks_with_metadata
FN:247,292,DocumentIndexingService._batch_index_chunks
FNDA:1,DocumentIndexingService._batch_index_chunks
FN:294,347,DocumentIndexingService.detect_document_language_preview
FNDA:0,DocumentIndexingService.detect_document_language_preview
FNF:6
FNH:5
end_of_record
SF:app/services/document_management_service.py
DA:14,1
DA:16,1
DA:17,1
DA:18,1
DA:21,1
DA:29,1
DA:36,1
DA:38,1
DA:51,1
DA:53,1
DA:55,1
DA:56,1
DA:57,1
DA:59,1
DA:62,1
DA:63,1
DA:64,1
DA:66,1
DA:67,1
DA:74,1
DA:77,1
DA:87,1
DA:88,1
DA:89,1
DA:91,0
DA:92,0
DA:93,0
DA:95,1
DA:108,1
DA:109,1
DA:110,1
DA:111,1
DA:112,0
DA:113,0
DA:114,0
DA:116,1
DA:129,1
DA:130,1
DA:131,1
DA:132,1
DA:133,0
DA:134,0
DA:135,0
DA:137,1
DA:149,1
DA:151,1
DA:153,1
DA:154,1
DA:156,1
DA:161,1
DA:162,1
DA:163,1
DA:165,0
DA:166,0
DA:167,0
LF:55
LH:43
FN:29,36,DocumentManagementService.__init__
FNDA:1,DocumentManagementService.__init__
FN:38,93,DocumentManagementService.get_user_documents
FNDA:1,DocumentManagementService.get_user_documents
FN:95,114,DocumentManagementService.delete_user_document
FNDA:1,DocumentManagementService.delete_user_document
FN:116,135,DocumentManagementService.delete_all_user_documents
FNDA:1,DocumentManagementService.delete_all_user_documents
FN:137,167,DocumentManagementService.get_user_document_count
FNDA:1,DocumentManagementService.get_user_document_count
FNF:5
FNH:5
end_of_record
SF:app/services/email_service.py
DA:14,1
DA:15,1
DA:16,1
DA:18,1
DA:19,1
DA:20,1
DA:32,1
DA:33,1
DA:34,1
DA:35,1
DA:38,1
DA:44,1
DA:46,1
DA:47,1
DA:48,1
DA:49,1
DA:51,1
DA:52,0
DA:53,0
DA:55,1
DA:56,1
DA:58,1
DA:60,1
DA:61,0
DA:62,1
DA:63,1
DA:64,1
DA:65,1
DA:66,1
DA:67,1
DA:68,1
DA:69,1
DA:70,1
DA:72,1
DA:79,1
DA:80,1
DA:81,1
DA:82,1
DA:83,1
DA:84,1
DA:85,1
DA:87,1
DA:98,1
DA:99,1
DA:100,1
DA:102,1
DA:149,1
DA:159,1
DA:160,1
DA:178,1
DA:186,1
DA:187,1
DA:192,1
DA:193,1
DA:195,1
DA:202,1
DA:203,0
DA:204,0
DA:206,1
DA:207,1
DA:209,0
DA:210,0
DA:213,0
DA:215,0
DA:216,0
DA:219,0
DA:220,0
DA:221,0
DA:222,1
DA:223,1
DA:224,1
DA:226,1
DA:253,1
DA:254,0
DA:255,0
DA:258,1
DA:259,1
DA:263,1
DA:268,1
DA:277,1
DA:278,1
DA:281,1
DA:282,1
DA:283,1
DA:284,1
DA:286,1
DA:288,0
DA:289,0
DA:290,0
DA:291,0
DA:292,0
DA:294,1
DA:296,0
DA:297,0
DA:298,0
DA:299,0
DA:301,1
DA:315,0
DA:316,0
DA:317,0
DA:319,0
DA:321,0
DA:368,1
DA:380,0
DA:381,0
DA:400,1
DA:423,0
DA:424,0
DA:425,0
DA:428,0
DA:429,0
DA:432,0
DA:433,0
DA:437,0
DA:443,0
DA:452,0
DA:453,0
DA:455,1
DA:472,1
DA:473,0
DA:474,0
DA:476,1
DA:478,1
DA:481,1
DA:499,1
DA:548,1
DA:557,1
DA:559,0
DA:560,0
DA:563,0
DA:565,0
DA:566,0
DA:569,0
DA:570,0
DA:571,0
DA:573,1
DA:574,1
DA:575,1
DA:579,1
DA:582,1
DA:588,1
DA:589,1
DA:590,1
LF:143
LH:91
FN:46,56,EmailService.__init__
FNDA:1,EmailService.__init__
FN:58,70,EmailService._get_attachment_emoji
FNDA:1,EmailService._get_attachment_emoji
FN:72,85,EmailService._build_bug_report_subject
FNDA:1,EmailService._build_bug_report_subject
FN:87,147,EmailService._build_bug_report_html
FNDA:1,EmailService._build_bug_report_html
FN:149,176,EmailService._build_bug_report_plaintext
FNDA:1,EmailService._build_bug_report_plaintext
FN:178,193,EmailService._add_attachment_to_message
FNDA:1,EmailService._add_attachment_to_message
FN:195,224,EmailService._send_email_with_response_check
FNDA:1,EmailService._send_email_with_response_check
FN:226,284,EmailService.send_bug_report
FNDA:1,EmailService.send_bug_report
FN:286,292,EmailService._get_feedback_sentiment
FNDA:0,EmailService._get_feedback_sentiment
FN:294,299,EmailService._build_feedback_subject
FNDA:0,EmailService._build_feedback_subject
FN:301,366,EmailService._build_feedback_html
FNDA:0,EmailService._build_feedback_html
FN:368,398,EmailService._build_feedback_plaintext
FNDA:0,EmailService._build_feedback_plaintext
FN:400,453,EmailService.send_feedback
FNDA:0,EmailService.send_feedback
FN:455,575,EmailService.send_invitation_request
FNDA:1,EmailService.send_invitation_request
FN:582,590,get_email_service
FNDA:1,get_email_service
FNF:15
FNH:10
end_of_record
SF:app/services/language_service.py
DA:3,1
DA:4,1
DA:7,1
DA:10,1
DA:18,1
DA:20,1
DA:22,1
DA:24,1
DA:25,1
DA:27,1
DA:29,1
DA:30,1
DA:32,0
DA:34,0
DA:35,0
DA:37,1
DA:40,0
DA:42,0
DA:43,0
DA:44,0
DA:45,0
DA:47,0
DA:50,0
DA:52,1
DA:56,1
DA:60,1
DA:62,1
DA:64,1
DA:65,1
DA:66,1
DA:67,0
DA:68,0
DA:71,0
DA:73,1
DA:83,0
DA:97,0
DA:100,1
LF:37
LH:22
FN:18,20,LanguageService.__init__
FNDA:1,LanguageService.__init__
FN:22,35,LanguageService.detect_language
FNDA:1,LanguageService.detect_language
FN:37,50,LanguageService.translate_to_target
FNDA:0,LanguageService.translate_to_target
FN:52,71,LanguageService.translate_answer_back
FNDA:1,LanguageService.translate_answer_back
FN:73,97,LanguageService.get_language_name
FNDA:0,LanguageService.get_language_name
FNF:5
FNH:3
end_of_record
SF:app/services/prompt_template_service.py
DA:15,1
DA:16,1
DA:19,1
DA:27,1
DA:29,1
DA:31,1
DA:51,1
DA:54,1
DA:55,1
DA:56,1
DA:59,1
DA:60,1
DA:61,1
DA:64,1
DA:67,1
DA:70,1
DA:72,1
DA:73,1
DA:75,1
DA:76,1
DA:78,1
DA:79,1
DA:81,1
DA:83,1
DA:87,1
DA:92,1
DA:95,1
DA:98,1
DA:99,1
DA:102,1
DA:104,1
DA:111,1
DA:113,0
DA:127,1
DA:136,1
DA:140,1
DA:142,1
DA:147,1
DA:150,1
DA:152,1
DA:155,1
DA:165,1
DA:170,1
DA:173,1
DA:174,1
DA:178,1
DA:181,1
DA:182,1
DA:185,1
DA:188,1
DA:189,1
DA:192,1
DA:195,1
DA:196,1
DA:199,1
DA:202,1
DA:204,1
DA:214,1
DA:218,1
DA:238,1
DA:239,1
DA:240,1
DA:245,1
DA:246,0
DA:248,1
DA:255,1
DA:267,1
DA:270,1
DA:279,1
DA:280,1
DA:281,1
DA:282,1
DA:283,1
DA:284,1
DA:285,0
DA:286,0
DA:288,1
DA:292,1
LF:78
LH:74
FN:27,29,PromptTemplateService.__init__
FNDA:1,PromptTemplateService.__init__
FN:31,81,PromptTemplateService.build_modular_prompt
FNDA:1,PromptTemplateService.build_modular_prompt
FN:83,109,PromptTemplateService.create_constraints_for_use_case
FNDA:1,PromptTemplateService.create_constraints_for_use_case
FN:111,125,PromptTemplateService.get_query_rewriter_prompt
FNDA:0,PromptTemplateService.get_query_rewriter_prompt
FN:127,138,PromptTemplateService._build_context_enforcement_header
FNDA:1,PromptTemplateService._build_context_enforcement_header
FN:140,148,PromptTemplateService._build_rag_context_block
FNDA:1,PromptTemplateService._build_rag_context_block
FN:150,153,PromptTemplateService._build_new_question_block
FNDA:1,PromptTemplateService._build_new_question_block
FN:155,202,PromptTemplateService._build_constraints_section
FNDA:1,PromptTemplateService._build_constraints_section
FN:204,216,PromptTemplateService._build_context_section
FNDA:1,PromptTemplateService._build_context_section
FN:218,253,PromptTemplateService.create_constraints
FNDA:1,PromptTemplateService.create_constraints
FN:255,288,PromptTemplateService.extract_quantity_from_query
FNDA:1,PromptTemplateService.extract_quantity_from_query
FNF:11
FNH:10
end_of_record
SF:app/services/query_expansion_service.py
DA:8,1
DA:10,1
DA:11,1
DA:12,1
DA:15,1
DA:26,1
DA:35,1
DA:38,1
DA:45,1
DA:51,1
DA:68,1
DA:70,1
DA:72,1
DA:75,1
DA:76,0
DA:78,1
DA:82,1
DA:89,1
DA:91,1
DA:94,1
DA:96,0
DA:97,0
DA:98,0
DA:100,1
DA:111,0
DA:112,0
DA:116,1
LF:27
LH:21
FN:35,49,QueryExpansionService.__init__
FNDA:1,QueryExpansionService.__init__
FN:51,98,QueryExpansionService.generate_alternative_queries
FNDA:1,QueryExpansionService.generate_alternative_queries
FN:100,112,QueryExpansionService.expand_query_pool
FNDA:0,QueryExpansionService.expand_query_pool
FNF:3
FNH:2
end_of_record
SF:app/services/query_parser_service.py
DA:23,1
DA:25,1
DA:26,1
DA:27,1
DA:28,1
DA:29,1
DA:30,1
DA:31,1
DA:32,1
DA:35,1
DA:37,1
DA:41,1
DA:45,1
DA:51,1
DA:71,1
DA:74,1
DA:81,1
DA:84,1
DA:86,1
DA:88,1
DA:122,1
DA:123,1
DA:124,1
DA:127,1
DA:130,1
DA:133,1
DA:138,1
DA:141,1
DA:144,1
DA:149,1
DA:152,1
DA:153,0
DA:154,0
DA:156,1
DA:157,1
DA:158,1
DA:159,1
DA:161,1
DA:168,1
DA:169,1
DA:170,1
DA:173,1
DA:180,1
DA:189,1
DA:240,1
DA:241,1
DA:243,1
DA:245,1
DA:258,1
DA:259,1
DA:261,1
DA:262,1
DA:264,1
DA:265,1
DA:268,1
DA:269,1
DA:270,1
DA:273,1
DA:274,1
DA:275,0
DA:276,0
DA:278,1
DA:280,1
DA:282,1
DA:294,1
DA:295,1
DA:298,1
DA:301,1
DA:304,1
DA:310,1
DA:311,1
DA:312,0
DA:313,0
DA:314,0
DA:316,1
DA:318,0
DA:319,0
DA:320,0
DA:326,1
LF:79
LH:69
FN:71,86,QueryParserService.__init__
FNDA:1,QueryParserService.__init__
FN:88,178,QueryParserService.extract_file_filters
FNDA:1,QueryParserService.extract_file_filters
FN:180,243,QueryParserService._build_extraction_prompt
FNDA:1,QueryParserService._build_extraction_prompt
FN:245,280,QueryParserService._validate_filenames
FNDA:1,QueryParserService._validate_filenames
FN:282,320,QueryParserService._find_best_match
FNDA:1,QueryParserService._find_best_match
FNF:5
FNH:5
end_of_record
SF:app/services/query_processing_service.py
DA:13,1
DA:15,1
DA:16,1
DA:17,1
DA:18,1
DA:19,1
DA:22,1
DA:31,1
DA:33,1
DA:34,1
DA:36,1
DA:42,1
DA:49,1
DA:61,1
DA:62,1
DA:64,1
DA:76,1
DA:77,1
DA:79,1
DA:84,1
DA:86,1
DA:89,1
DA:90,1
DA:91,1
DA:92,0
DA:94,0
DA:95,0
DA:97,0
DA:98,0
DA:100,0
DA:101,0
DA:103,1
DA:104,1
DA:105,1
DA:107,1
DA:126,1
DA:127,1
DA:132,1
DA:133,1
DA:134,1
DA:136,1
DA:137,1
DA:140,1
DA:141,1
DA:142,1
DA:143,1
DA:145,1
DA:148,1
DA:149,1
DA:154,1
DA:156,1
DA:157,1
DA:160,1
DA:161,0
DA:162,0
DA:164,1
DA:165,1
DA:166,1
DA:168,1
DA:170,0
DA:171,0
DA:172,0
DA:173,0
LF:63
LH:50
FN:31,39,_build_classification_prompt
FNDA:1,_build_classification_prompt
FN:49,62,QueryProcessingService.__init__
FNDA:1,QueryProcessingService.__init__
FN:64,105,QueryProcessingService.classify_query
FNDA:1,QueryProcessingService.classify_query
FN:107,173,QueryProcessingService.reformulate_query
FNDA:1,QueryProcessingService.reformulate_query
FNF:4
FNH:4
end_of_record
SF:app/services/rag_orchestrator_service.py
DA:15,1
DA:17,1
DA:18,1
DA:19,1
DA:20,1
DA:21,1
DA:22,1
DA:23,1
DA:24,1
DA:27,1
DA:28,1
DA:31,1
DA:32,1
DA:33,1
DA:34,1
DA:35,1
DA:36,1
DA:37,1
DA:38,1
DA:41,1
DA:56,1
DA:63,1
DA:66,1
DA:72,1
DA:79,1
DA:82,1
DA:88,1
DA:93,1
DA:102,1
DA:106,1
DA:110,1
DA:114,1
DA:131,1
DA:133,1
DA:146,0
DA:150,1
DA:178,1
DA:181,1
DA:186,1
DA:187,1
DA:190,1
DA:201,1
DA:211,1
DA:213,1
DA:224,1
DA:226,1
DA:236,1
DA:238,1
DA:248,1
DA:252,1
DA:265,0
DA:269,1
DA:273,1
LF:53
LH:51
FN:56,110,RAGService.__init__
FNDA:1,RAGService.__init__
FN:114,131,RAGService.index_document
FNDA:1,RAGService.index_document
FN:133,146,RAGService.detect_document_language_preview
FNDA:0,RAGService.detect_document_language_preview
FN:150,197,RAGService.answer_query
FNDA:1,RAGService.answer_query
FN:201,211,RAGService.get_user_documents
FNDA:1,RAGService.get_user_documents
FN:213,224,RAGService.delete_user_document
FNDA:1,RAGService.delete_user_document
FN:226,236,RAGService.delete_all_user_documents
FNDA:1,RAGService.delete_all_user_documents
FN:238,248,RAGService.get_user_document_count
FNDA:1,RAGService.get_user_document_count
FN:252,265,RAGService.generate_conversation_summary
FNDA:0,RAGService.generate_conversation_summary
FN:269,273,get_rag_service
FNDA:1,get_rag_service
FNF:10
FNH:8
end_of_record
SF:app/services/reranking_service.py
DA:10,1
DA:11,1
DA:12,1
DA:13,1
DA:14,1
DA:18,1
DA:21,1
DA:30,1
DA:34,1
DA:35,1
DA:37,1
DA:39,1
DA:53,1
DA:55,1
DA:56,1
DA:58,1
DA:66,1
DA:68,1
DA:82,1
DA:83,0
DA:86,1
DA:89,1
DA:91,1
DA:92,1
DA:94,1
DA:95,1
DA:96,1
DA:97,1
DA:98,1
DA:100,1
DA:102,1
DA:106,1
DA:110,1
DA:112,1
DA:114,1
DA:124,1
DA:125,1
DA:128,1
DA:129,1
DA:131,1
DA:134,1
DA:137,1
DA:138,1
DA:140,1
DA:144,1
DA:147,1
DA:150,1
DA:154,1
DA:157,1
DA:159,1
DA:161,1
DA:162,1
DA:166,1
DA:170,1
LF:54
LH:53
FN:30,37,RerankingService.__init__
FNDA:1,RerankingService.__init__
FN:39,66,RerankingService._extract_keywords
FNDA:1,RerankingService._extract_keywords
FN:68,112,RerankingService._calculate_tf_score
FNDA:1,RerankingService._calculate_tf_score
FN:114,166,RerankingService.rerank_documents
FNDA:1,RerankingService.rerank_documents
FNF:4
FNH:4
end_of_record
SF:app/services/tier_limit_service.py
DA:8,1
DA:10,1
DA:11,1
DA:14,1
DA:34,1
DA:36,1
DA:37,1
DA:38,1
DA:41,1
DA:44,1
DA:45,1
DA:48,1
DA:54,1
DA:56,1
DA:58,0
DA:59,0
DA:61,0
DA:68,1
DA:83,1
DA:84,1
DA:85,1
DA:88,1
DA:104,1
DA:105,1
DA:107,1
DA:109,1
DA:112,1
DA:132,0
DA:134,0
LF:29
LH:24
FN:14,65,get_user_tier_limits
FNDA:1,get_user_tier_limits
FN:68,85,get_max_upload_size_bytes
FNDA:1,get_max_upload_size_bytes
FN:88,109,check_file_count_limit
FNDA:1,check_file_count_limit
FN:112,137,get_tier_info_for_display
FNDA:0,get_tier_info_for_display
FNF:4
FNH:3
end_of_record
SF:app/services/translation_service.py
DA:10,1
DA:12,1
DA:13,1
DA:14,1
DA:17,1
DA:26,1
DA:41,1
DA:44,1
DA:49,1
DA:50,1
DA:52,1
DA:65,0
DA:70,0
DA:71,0
DA:79,0
DA:80,0
DA:82,0
DA:83,0
DA:84,0
DA:86,1
DA:101,1
DA:103,1
DA:112,1
DA:113,1
DA:124,1
DA:125,1
DA:127,1
DA:128,1
DA:130,0
DA:131,0
DA:132,0
DA:134,1
DA:145,0
DA:146,0
DA:151,0
DA:152,0
DA:163,0
DA:164,0
DA:165,0
DA:166,0
DA:167,0
DA:168,0
DA:169,0
DA:171,1
DA:181,0
DA:185,1
LF:46
LH:23
FN:41,50,TranslationService.__init__
FNDA:1,TranslationService.__init__
FN:52,84,TranslationService.translate_query_to_english
FNDA:0,TranslationService.translate_query_to_english
FN:86,132,TranslationService.translate_query_to_language
FNDA:1,TranslationService.translate_query_to_language
FN:134,169,TranslationService.translate_answer_back
FNDA:0,TranslationService.translate_answer_back
FN:171,181,TranslationService.get_language_name
FNDA:0,TranslationService.get_language_name
FNF:5
FNH:2
end_of_record
SF:app/services/usage_tracking_service.py
DA:7,1
DA:9,1
DA:10,1
DA:11,1
DA:12,1
DA:15,1
DA:18,1
DA:19,1
DA:21,1
DA:23,1
DA:25,1
DA:35,1
DA:36,1
DA:37,1
DA:38,1
DA:40,1
DA:41,1
DA:43,1
DA:44,1
DA:45,1
DA:48,1
DA:49,1
DA:51,1
DA:52,1
DA:53,1
DA:55,1
DA:65,0
DA:66,0
DA:67,0
DA:70,0
DA:71,0
DA:72,0
DA:73,0
DA:75,0
DA:76,0
DA:77,0
DA:78,0
DA:79,0
DA:80,0
DA:81,0
DA:86,0
DA:88,0
DA:94,0
DA:95,0
DA:97,0
DA:98,0
DA:99,0
DA:101,0
DA:102,0
DA:103,0
DA:105,1
DA:116,1
DA:118,1
DA:119,1
DA:120,1
DA:122,1
DA:123,1
DA:125,1
DA:126,1
DA:128,1
DA:130,0
DA:131,0
DA:133,0
DA:135,1
DA:137,0
DA:138,0
DA:139,0
DA:140,0
DA:141,0
DA:143,0
DA:145,1
DA:154,0
DA:155,0
DA:160,0
DA:162,0
DA:163,0
DA:164,0
DA:165,0
DA:167,0
DA:168,0
DA:169,0
DA:172,0
DA:179,0
DA:180,0
DA:181,0
DA:183,0
DA:185,0
DA:186,0
DA:190,1
DA:192,1
DA:195,1
DA:196,1
DA:197,1
LF:93
LH:43
FN:18,19,UsageTrackingService.__init__
FNDA:1,UsageTrackingService.__init__
FN:21,23,UsageTrackingService._get_today_key
FNDA:1,UsageTrackingService._get_today_key
FN:25,53,UsageTrackingService.get_user_queries_today
FNDA:1,UsageTrackingService.get_user_queries_today
FN:55,103,UsageTrackingService.increment_user_queries
FNDA:0,UsageTrackingService.increment_user_queries
FN:72,95,UsageTrackingService.increment_user_queries.update_in_transaction
FNDA:0,UsageTrackingService.increment_user_queries.update_in_transaction
FN:105,133,UsageTrackingService.check_query_limit
FNDA:1,UsageTrackingService.check_query_limit
FN:135,143,UsageTrackingService._should_keep_date
FNDA:0,UsageTrackingService._should_keep_date
FN:145,186,UsageTrackingService.cleanup_old_usage
FNDA:0,UsageTrackingService.cleanup_old_usage
FN:192,197,get_usage_service
FNDA:1,get_usage_service
FNF:9
FNH:5
end_of_record
