SF:app/__init__.py
end_of_record
SF:app/config/languages.py
DA:14,1
DA:17,1
DA:19,1
DA:20,1
DA:21,1
DA:22,1
DA:23,1
DA:26,1
DA:170,1
DA:180,0
DA:181,0
DA:182,0
DA:183,0
DA:184,0
DA:187,1
DA:194,0
LF:16
LH:10
FN:170,184,get_sources_label
FNDA:0,get_sources_label
FN:187,194,get_language_codes
FNDA:0,get_language_codes
FNF:2
FNH:0
end_of_record
SF:app/core/config.py
DA:2,1
DA:3,1
DA:5,1
DA:6,1
DA:9,1
DA:23,1
DA:26,1
DA:27,1
DA:30,1
DA:31,1
DA:32,1
DA:33,1
DA:34,1
DA:35,0
DA:36,0
DA:39,0
DA:42,1
DA:45,1
DA:47,1
DA:48,1
DA:49,1
DA:52,1
DA:53,1
DA:56,1
DA:57,1
DA:58,1
DA:70,1
DA:79,1
DA:88,1
DA:98,1
DA:101,1
DA:104,1
DA:105,0
DA:107,1
LF:34
LH:30
FN:9,39,_load_prompt_from_file
FNDA:1,_load_prompt_from_file
FNF:1
FNH:1
end_of_record
SF:app/core/constants.py
DA:9,1
DA:12,1
DA:13,1
DA:14,1
DA:17,1
DA:21,1
DA:22,1
DA:25,1
DA:26,1
DA:27,1
DA:30,1
DA:33,1
DA:34,1
DA:35,1
DA:36,1
DA:37,1
DA:40,1
DA:41,1
DA:44,1
DA:52,1
DA:55,1
DA:56,1
DA:57,1
DA:58,1
DA:60,1
DA:68,1
DA:78,1
DA:81,1
DA:82,1
DA:83,1
DA:84,1
DA:87,1
DA:90,1
DA:91,1
DA:94,1
DA:97,1
DA:98,1
DA:101,1
DA:104,1
DA:105,1
DA:106,1
DA:109,1
DA:110,1
DA:113,1
DA:116,1
DA:117,1
DA:118,1
DA:121,1
DA:124,1
DA:125,1
DA:126,1
DA:129,1
DA:132,1
DA:133,1
DA:134,1
DA:135,1
LF:56
LH:56
end_of_record
SF:app/core/firebase.py
DA:8,1
DA:9,1
DA:11,1
DA:12,1
DA:13,1
DA:16,1
DA:32,1
DA:33,1
DA:34,1
DA:36,1
DA:39,1
DA:40,1
DA:41,0
DA:42,0
DA:43,0
DA:44,0
DA:45,0
DA:46,0
DA:47,0
DA:48,0
DA:49,0
DA:52,1
DA:53,1
DA:54,0
DA:55,0
DA:56,0
DA:57,0
DA:58,0
DA:59,0
DA:60,0
DA:63,1
DA:64,1
DA:65,1
DA:66,1
DA:67,1
DA:68,1
DA:69,1
DA:70,0
DA:71,0
DA:74,0
DA:80,0
DA:81,0
DA:86,1
DA:87,1
DA:88,0
DA:89,0
DA:90,0
LF:47
LH:23
FN:16,81,initialize_firebase
FNDA:1,initialize_firebase
FNF:1
FNH:1
end_of_record
SF:app/core/logging.py
DA:5,1
DA:6,1
DA:8,1
DA:11,1
DA:14,1
DA:15,1
DA:18,1
DA:26,1
DA:38,1
DA:50,1
DA:61,1
DA:71,0
DA:75,1
LF:13
LH:12
FN:61,71,get_logger
FNDA:0,get_logger
FNF:1
FNH:0
end_of_record
SF:app/db/chroma_client.py
DA:13,1
DA:15,1
DA:16,1
DA:17,1
DA:18,1
DA:19,1
DA:20,1
DA:23,1
DA:26,1
DA:31,1
DA:54,1
DA:55,1
DA:58,1
DA:59,1
DA:60,1
DA:70,1
DA:71,1
DA:72,0
DA:73,0
DA:74,0
DA:79,1
DA:89,1
DA:90,1
DA:91,1
DA:94,1
DA:107,0
DA:111,0
DA:112,0
DA:117,1
DA:144,0
DA:146,0
DA:149,0
DA:152,0
DA:158,0
DA:161,0
DA:163,0
DA:164,0
DA:165,0
DA:168,0
DA:171,1
DA:192,0
DA:193,0
DA:194,0
DA:196,0
DA:198,0
DA:200,0
DA:201,0
DA:202,0
DA:204,0
LF:49
LH:24
FN:31,74,get_embedding_function
FNDA:1,get_embedding_function
FN:79,91,get_chroma_client
FNDA:1,get_chroma_client
FN:94,112,get_chroma_collection
FNDA:0,get_chroma_collection
FN:117,168,get_vector_store
FNDA:0,get_vector_store
FN:171,204,get_chroma_collection_direct
FNDA:0,get_chroma_collection_direct
FNF:5
FNH:2
end_of_record
SF:app/repositories/__init__.py
end_of_record
SF:app/repositories/dependencies.py
DA:8,1
DA:10,1
DA:11,1
DA:12,1
DA:14,1
DA:15,1
DA:18,1
DA:42,1
LF:8
LH:8
FN:18,42,get_vector_store_repository
FNDA:1,get_vector_store_repository
FNF:1
FNH:1
end_of_record
SF:app/repositories/vector_store_repository.py
DA:17,1
DA:19,1
DA:20,1
DA:21,1
DA:23,1
DA:26,1
DA:39,1
DA:47,1
DA:48,1
DA:49,1
DA:53,1
DA:71,0
DA:72,0
DA:74,0
DA:75,0
DA:76,0
DA:77,0
DA:78,0
DA:80,0
DA:81,0
DA:83,0
DA:84,0
DA:85,0
DA:89,1
DA:100,0
DA:101,0
DA:105,0
DA:106,0
DA:107,0
DA:108,0
DA:109,0
DA:110,0
DA:112,1
DA:132,0
DA:133,0
DA:137,0
DA:138,0
DA:139,0
DA:140,0
DA:141,0
DA:142,0
DA:143,0
DA:145,1
DA:156,0
DA:157,0
DA:161,0
DA:162,0
DA:163,0
DA:164,0
DA:165,0
DA:166,0
DA:168,1
DA:185,0
DA:187,0
DA:192,0
DA:193,0
DA:194,0
DA:195,0
DA:196,0
DA:198,1
DA:223,0
DA:225,0
DA:227,0
DA:233,0
DA:234,0
DA:236,0
DA:242,0
DA:244,0
DA:246,0
DA:252,1
DA:265,0
DA:267,0
DA:271,0
DA:274,0
DA:278,0
DA:279,0
DA:281,0
DA:282,0
DA:283,0
DA:285,1
DA:297,0
DA:299,0
DA:303,0
DA:306,0
DA:308,0
DA:309,0
DA:311,0
DA:312,0
DA:313,0
LF:89
LH:18
FN:39,49,VectorStoreRepository.__init__
FNDA:1,VectorStoreRepository.__init__
FN:53,85,VectorStoreRepository.add_documents
FNDA:0,VectorStoreRepository.add_documents
FN:89,110,VectorStoreRepository.check_document_exists
FNDA:0,VectorStoreRepository.check_document_exists
FN:112,143,VectorStoreRepository.get_user_chunks_sample
FNDA:0,VectorStoreRepository.get_user_chunks_sample
FN:145,166,VectorStoreRepository.count_document_chunks
FNDA:0,VectorStoreRepository.count_document_chunks
FN:168,196,VectorStoreRepository.similarity_search
FNDA:0,VectorStoreRepository.similarity_search
FN:198,248,VectorStoreRepository.get_retriever
FNDA:0,VectorStoreRepository.get_retriever
FN:252,283,VectorStoreRepository.delete_document
FNDA:0,VectorStoreRepository.delete_document
FN:285,313,VectorStoreRepository.delete_all_user_documents
FNDA:0,VectorStoreRepository.delete_all_user_documents
FNF:9
FNH:1
end_of_record
SF:app/routers/auth_router.py
DA:7,1
DA:8,1
DA:10,1
DA:11,1
DA:17,1
DA:18,1
DA:19,1
DA:20,1
DA:21,1
DA:23,1
DA:26,1
DA:28,1
DA:31,0
DA:32,0
DA:33,0
DA:36,1
DA:56,0
DA:57,0
DA:59,0
DA:60,0
DA:62,0
DA:65,1
DA:78,0
DA:79,0
DA:84,0
DA:86,0
DA:87,0
DA:88,0
DA:89,0
DA:90,0
DA:91,0
DA:92,0
DA:99,1
DA:100,1
DA:103,1
DA:117,0
DA:118,0
DA:123,0
DA:124,0
DA:125,0
DA:126,0
DA:128,0
DA:129,0
DA:130,0
DA:132,0
DA:135,0
DA:136,0
DA:141,0
DA:143,0
DA:148,0
DA:154,0
DA:155,0
DA:156,0
DA:161,0
DA:166,0
DA:167,0
DA:168,0
DA:178,1
DA:191,0
DA:192,0
DA:194,0
DA:196,0
DA:197,0
DA:198,0
DA:200,0
DA:201,0
DA:202,0
DA:203,0
DA:206,0
DA:207,0
DA:208,0
DA:209,0
DA:212,0
DA:213,0
DA:214,0
DA:216,0
DA:217,0
DA:219,0
DA:222,1
DA:223,1
DA:244,0
DA:247,0
DA:248,0
DA:249,0
DA:250,0
DA:252,0
DA:254,0
DA:255,0
DA:256,0
DA:262,0
DA:263,0
DA:265,0
DA:266,0
DA:267,0
DA:270,0
DA:272,0
DA:273,0
DA:276,0
DA:282,0
DA:283,0
DA:284,0
DA:290,0
DA:291,0
DA:292,0
DA:297,0
DA:300,0
DA:301,0
DA:303,0
DA:304,0
DA:305,0
DA:306,0
DA:307,0
DA:313,0
DA:314,0
DA:315,0
DA:320,0
DA:323,0
DA:324,0
DA:325,0
DA:331,0
DA:332,0
DA:333,0
DA:339,0
DA:340,0
DA:341,0
DA:343,0
DA:347,0
DA:350,0
DA:352,0
DA:354,0
DA:355,0
DA:356,0
DA:360,0
DA:362,0
DA:363,0
DA:365,0
DA:369,0
DA:370,0
DA:373,0
DA:374,0
DA:375,0
DA:376,0
DA:377,0
DA:378,0
DA:384,0
DA:385,0
DA:390,0
DA:391,0
DA:392,0
DA:397,0
DA:404,1
DA:405,1
DA:420,0
DA:421,0
DA:422,0
DA:425,0
DA:426,0
DA:428,0
DA:434,0
DA:435,0
DA:436,0
DA:442,1
DA:443,1
DA:463,0
DA:465,0
DA:467,0
DA:473,0
DA:474,0
DA:475,0
DA:480,0
DA:481,0
DA:486,0
DA:487,0
DA:488,0
DA:489,0
DA:490,0
DA:496,1
DA:497,1
DA:507,0
DA:508,0
DA:509,0
DA:511,0
DA:512,0
DA:516,0
DA:517,0
DA:518,0
DA:524,1
DA:525,1
DA:544,0
DA:546,0
DA:547,0
DA:548,0
DA:551,0
DA:552,0
DA:553,0
DA:556,0
DA:557,0
DA:560,0
DA:562,0
DA:564,0
DA:571,0
DA:572,0
DA:573,0
DA:579,1
DA:580,1
DA:598,0
DA:600,0
DA:601,0
DA:602,0
DA:608,0
DA:610,0
DA:613,0
DA:615,0
DA:617,0
DA:625,0
DA:626,0
DA:627,0
DA:631,0
DA:632,0
DA:633,0
LF:220
LH:30
FN:28,33,get_db
FNDA:0,get_db
FN:36,62,calculate_remaining_queries
FNDA:0,calculate_remaining_queries
FN:65,95,get_current_user_id
FNDA:0,get_current_user_id
FN:103,175,load_app_config
FNDA:0,load_app_config
FN:178,219,get_unlimited_emails
FNDA:0,get_unlimited_emails
FN:223,401,register_user
FNDA:0,register_user
FN:405,439,refresh_user_claims
FNDA:0,refresh_user_claims
FN:443,493,request_invitation_code
FNDA:0,request_invitation_code
FN:497,521,get_tier_limits
FNDA:0,get_tier_limits
FN:525,576,get_user_usage
FNDA:0,get_user_usage
FN:580,636,set_user_tier_admin
FNDA:0,set_user_tier_admin
FNF:11
FNH:0
end_of_record
SF:app/routers/documents_router.py
DA:12,1
DA:13,1
DA:19,1
DA:20,1
DA:22,1
DA:25,1
DA:26,1
DA:46,0
DA:47,0
DA:53,0
DA:55,0
DA:56,0
DA:59,0
DA:65,0
DA:66,0
DA:69,0
DA:70,0
DA:71,0
DA:77,1
DA:78,1
DA:95,0
DA:96,0
DA:102,0
DA:104,0
DA:105,0
DA:109,0
DA:114,0
DA:115,0
DA:121,1
DA:122,1
DA:131,0
DA:132,0
DA:133,0
DA:134,0
DA:135,0
DA:136,0
DA:142,1
DA:143,1
DA:153,0
DA:154,0
DA:155,0
DA:160,0
DA:161,0
DA:167,1
DA:168,1
DA:179,0
DA:180,0
DA:183,0
DA:184,0
DA:188,0
DA:193,0
DA:194,0
DA:195,0
DA:196,0
DA:202,1
DA:203,1
DA:213,0
DA:214,0
DA:215,0
DA:216,0
DA:220,0
DA:224,0
DA:225,0
DA:226,0
DA:227,0
LF:65
LH:17
FN:26,74,upload_document
FNDA:0,upload_document
FN:78,118,detect_document_language
FNDA:0,detect_document_language
FN:122,139,check_documents
FNDA:0,check_documents
FN:143,164,list_documents
FNDA:0,list_documents
FN:168,199,delete_document
FNDA:0,delete_document
FN:203,230,delete_all_documents
FNDA:0,delete_all_documents
FNF:6
FNH:0
end_of_record
SF:app/routers/query_router.py
DA:10,1
DA:11,1
DA:17,1
DA:18,1
DA:19,1
DA:20,1
DA:21,1
DA:23,1
DA:26,1
DA:27,1
DA:43,0
DA:45,0
DA:46,0
DA:47,0
DA:48,0
DA:49,0
DA:50,0
DA:51,0
DA:52,0
DA:53,0
DA:55,0
DA:56,0
DA:58,0
DA:60,0
DA:63,0
DA:64,0
DA:65,0
DA:67,0
DA:68,0
DA:69,0
DA:72,0
DA:73,0
DA:76,0
DA:77,0
DA:78,0
DA:80,0
DA:81,0
DA:82,0
DA:85,0
DA:86,0
DA:88,0
DA:90,0
DA:91,0
DA:92,0
DA:97,0
DA:100,0
DA:101,0
DA:103,0
DA:104,0
DA:107,0
DA:112,0
DA:113,0
DA:114,0
DA:116,0
DA:117,0
DA:120,0
DA:130,0
DA:131,0
DA:134,0
DA:135,0
DA:136,0
DA:137,0
DA:138,0
DA:139,0
DA:140,0
DA:141,0
DA:142,0
DA:144,0
DA:145,0
DA:146,0
DA:147,0
DA:148,0
DA:149,0
DA:150,0
DA:151,0
DA:152,0
DA:153,0
DA:154,0
DA:155,0
DA:156,0
DA:162,1
DA:163,1
DA:174,0
DA:175,0
DA:176,0
DA:177,0
DA:178,0
DA:179,0
LF:88
LH:12
FN:27,159,query_document
FNDA:0,query_document
FN:163,182,summarize_conversation
FNDA:0,summarize_conversation
FNF:2
FNH:0
end_of_record
SF:app/routers/support_router.py
DA:10,1
DA:11,1
DA:12,1
DA:14,1
DA:15,1
DA:16,1
DA:21,1
DA:22,1
DA:24,1
DA:27,1
DA:28,1
DA:41,0
DA:52,0
DA:58,1
DA:59,1
DA:79,0
DA:80,0
DA:81,0
DA:82,0
DA:88,0
DA:89,0
DA:90,0
DA:92,0
DA:93,0
DA:94,0
DA:95,0
DA:96,0
DA:97,0
DA:100,0
DA:101,0
DA:104,0
DA:116,0
DA:117,0
DA:118,0
DA:121,0
DA:122,0
DA:134,0
DA:135,0
DA:139,0
DA:148,1
DA:149,1
DA:165,0
DA:166,0
DA:169,0
DA:180,0
DA:181,0
DA:182,0
DA:185,0
DA:186,0
DA:196,0
DA:197,0
DA:198,0
DA:199,0
DA:201,0
DA:204,0
DA:208,0
LF:56
LH:15
FN:28,55,get_supported_languages
FNDA:0,get_supported_languages
FN:59,145,report_bug
FNDA:0,report_bug
FN:149,213,submit_feedback
FNDA:0,submit_feedback
FNF:3
FNH:0
end_of_record
SF:app/schemas/auth_schema.py
DA:7,1
DA:9,1
DA:12,1
DA:20,1
DA:21,1
DA:24,1
DA:33,1
DA:34,1
DA:35,1
DA:38,1
DA:47,1
DA:48,1
DA:49,1
DA:52,1
DA:60,1
DA:61,1
LF:16
LH:16
end_of_record
SF:app/schemas/rag_schema.py
DA:2,1
DA:4,1
DA:9,1
DA:18,1
DA:24,1
DA:27,1
DA:28,1
DA:31,1
DA:32,1
DA:33,1
DA:36,1
DA:38,1
DA:42,1
DA:47,1
DA:48,1
DA:49,1
DA:50,1
DA:51,1
DA:56,1
DA:61,1
DA:62,1
DA:63,1
DA:64,1
DA:65,1
DA:67,1
DA:72,1
DA:77,1
DA:78,1
DA:79,1
DA:80,1
DA:81,1
DA:82,1
DA:84,1
DA:91,1
DA:96,1
DA:97,1
DA:102,1
DA:104,1
DA:105,1
DA:106,1
DA:107,1
DA:109,1
DA:114,1
DA:118,1
DA:123,1
DA:128,1
DA:133,1
DA:134,1
DA:135,1
DA:137,0
DA:138,0
DA:139,0
DA:141,1
DA:143,1
DA:144,1
DA:145,1
DA:149,1
DA:157,1
DA:159,1
DA:160,1
DA:162,1
DA:164,1
DA:169,1
DA:171,1
DA:175,1
DA:177,1
DA:178,1
DA:179,1
DA:180,1
DA:182,1
DA:184,1
DA:185,1
DA:186,1
DA:188,1
DA:190,1
DA:191,1
DA:192,1
DA:194,1
DA:196,1
DA:197,1
DA:198,1
DA:200,1
DA:202,1
DA:203,1
DA:204,1
DA:205,1
DA:206,1
DA:208,1
DA:210,1
DA:211,1
DA:215,1
DA:217,1
DA:218,1
DA:220,1
DA:222,1
DA:226,1
DA:230,1
DA:231,1
LF:98
LH:95
FN:135,139,QueryClassification.ensure_category_alias
FNDA:0,QueryClassification.ensure_category_alias
FNF:1
FNH:0
end_of_record
SF:app/schemas/use_cases.py
DA:8,1
DA:9,1
DA:11,1
DA:14,1
DA:19,1
DA:20,1
DA:21,1
DA:22,1
DA:23,1
DA:24,1
DA:25,1
DA:28,1
DA:32,1
DA:33,1
DA:34,1
DA:35,1
DA:36,1
DA:37,1
DA:38,1
DA:41,1
DA:45,1
DA:46,1
DA:47,1
DA:48,1
DA:49,1
DA:50,1
DA:51,1
DA:55,1
DA:128,1
DA:132,1
DA:136,1
DA:140,1
DA:144,1
DA:150,1
DA:160,0
DA:163,1
DA:173,0
DA:182,0
LF:38
LH:35
FN:150,160,get_use_case_definition
FNDA:0,get_use_case_definition
FN:163,182,get_output_format_description
FNDA:0,get_output_format_description
FNF:2
FNH:0
end_of_record
SF:app/services/answer_generation_service.py
DA:15,1
DA:17,1
DA:18,1
DA:19,1
DA:20,1
DA:21,1
DA:22,1
DA:23,1
DA:24,1
DA:25,1
DA:28,1
DA:30,0
DA:31,0
DA:38,1
DA:40,0
DA:41,0
DA:49,1
DA:57,1
DA:77,1
DA:78,1
DA:79,1
DA:80,1
DA:81,1
DA:82,1
DA:84,1
DA:107,0
DA:109,0
DA:110,0
DA:112,0
DA:113,0
DA:114,0
DA:115,0
DA:118,0
DA:119,0
DA:121,0
DA:124,0
DA:125,0
DA:126,0
DA:128,0
DA:131,0
DA:136,0
DA:137,0
DA:140,0
DA:144,0
DA:145,0
DA:147,1
DA:169,0
DA:170,0
DA:172,0
DA:175,0
DA:183,0
DA:184,0
DA:185,0
DA:187,0
DA:188,0
DA:189,0
DA:191,0
DA:192,0
DA:193,0
DA:195,0
DA:196,0
DA:197,0
DA:199,0
DA:200,0
DA:203,0
DA:204,0
DA:210,0
DA:212,0
DA:214,1
DA:234,0
DA:235,0
DA:236,0
DA:237,0
DA:240,0
DA:241,0
DA:243,0
DA:246,0
DA:254,0
DA:255,0
DA:257,0
DA:260,0
DA:267,0
DA:269,0
DA:270,0
DA:271,0
DA:274,0
DA:279,0
DA:280,0
DA:281,0
DA:284,0
DA:285,0
DA:286,0
DA:287,0
DA:289,0
DA:291,0
DA:292,0
DA:293,0
DA:294,0
DA:297,0
DA:299,1
DA:309,0
DA:310,0
DA:311,0
DA:312,0
DA:313,0
DA:315,1
DA:325,0
DA:333,0
LF:108
LH:25
FN:28,35,_build_rag_prompt
FNDA:0,_build_rag_prompt
FN:38,46,_build_rag_prompt_with_history
FNDA:0,_build_rag_prompt_with_history
FN:57,82,AnswerGenerationService.__init__
FNDA:1,AnswerGenerationService.__init__
FN:84,145,AnswerGenerationService.generate_answer
FNDA:0,AnswerGenerationService.generate_answer
FN:147,212,AnswerGenerationService._retrieve_and_rerank
FNDA:0,AnswerGenerationService._retrieve_and_rerank
FN:214,297,AnswerGenerationService._generate_llm_response
FNDA:0,AnswerGenerationService._generate_llm_response
FN:299,313,AnswerGenerationService._handle_no_documents
FNDA:0,AnswerGenerationService._handle_no_documents
FN:315,333,AnswerGenerationService._get_sources_label
FNDA:0,AnswerGenerationService._get_sources_label
FNF:8
FNH:1
end_of_record
SF:app/services/conversation_service.py
DA:13,1
DA:15,1
DA:16,1
DA:17,1
DA:20,1
DA:28,1
DA:35,1
DA:37,1
DA:51,0
DA:53,0
DA:59,0
DA:73,0
DA:74,0
DA:76,0
DA:77,0
DA:78,0
DA:80,0
DA:81,0
DA:82,0
LF:19
LH:8
FN:28,35,ConversationService.__init__
FNDA:1,ConversationService.__init__
FN:37,82,ConversationService.generate_conversation_summary
FNDA:0,ConversationService.generate_conversation_summary
FNF:2
FNH:1
end_of_record
SF:app/services/document_classifier_service.py
DA:8,1
DA:10,1
DA:12,1
DA:13,1
DA:15,1
DA:20,1
DA:22,1
DA:27,1
DA:38,0
DA:40,0
DA:41,0
DA:42,0
DA:44,0
DA:46,1
DA:57,0
DA:63,0
DA:69,0
DA:70,0
DA:73,0
DA:74,0
DA:75,0
DA:77,0
DA:80,0
DA:82,1
LF:24
LH:10
FN:20,25,DocumentClassifierService.__init__
FNDA:1,DocumentClassifierService.__init__
FN:27,44,DocumentClassifierService.classify_document
FNDA:0,DocumentClassifierService.classify_document
FN:46,80,DocumentClassifierService.has_structural_density
FNDA:0,DocumentClassifierService.has_structural_density
FNF:3
FNH:1
end_of_record
SF:app/services/document_indexing_service.py
DA:15,1
DA:16,1
DA:17,1
DA:19,1
DA:20,1
DA:21,1
DA:25,1
DA:26,1
DA:27,1
DA:28,1
DA:29,1
DA:30,1
DA:33,1
DA:40,1
DA:54,1
DA:55,1
DA:56,1
DA:58,1
DA:80,0
DA:81,0
DA:84,0
DA:86,0
DA:87,0
DA:88,0
DA:89,0
DA:91,0
DA:92,0
DA:95,0
DA:96,0
DA:99,0
DA:100,0
DA:104,0
DA:107,0
DA:110,0
DA:113,0
DA:118,0
DA:119,0
DA:122,0
DA:123,0
DA:126,0
DA:127,0
DA:128,0
DA:130,0
DA:131,0
DA:132,0
DA:135,0
DA:136,0
DA:138,1
DA:155,0
DA:156,0
DA:158,0
DA:159,0
DA:160,0
DA:163,0
DA:164,0
DA:165,0
DA:166,0
DA:168,0
DA:170,0
DA:175,0
DA:177,0
DA:180,0
DA:181,0
DA:184,0
DA:185,0
DA:186,0
DA:188,0
DA:190,1
DA:209,0
DA:210,0
DA:211,0
DA:212,0
DA:214,0
DA:216,0
DA:219,0
DA:220,0
DA:221,0
DA:224,0
DA:226,0
DA:227,0
DA:228,0
DA:229,0
DA:230,0
DA:233,0
DA:234,0
DA:235,0
DA:236,0
DA:237,0
DA:239,0
DA:241,0
DA:243,1
DA:253,0
DA:254,0
DA:257,0
DA:258,0
DA:260,0
DA:265,0
DA:266,0
DA:267,0
DA:270,0
DA:272,0
DA:273,0
DA:274,0
DA:276,0
DA:281,0
DA:282,0
DA:283,0
DA:288,0
DA:290,1
DA:305,0
DA:307,0
DA:308,0
DA:309,0
DA:310,0
DA:312,0
DA:313,0
DA:316,0
DA:317,0
DA:320,0
DA:322,0
DA:323,0
DA:324,0
DA:327,0
DA:328,0
DA:330,0
DA:331,0
DA:333,0
DA:334,0
DA:335,0
DA:337,0
DA:338,0
LF:131
LH:22
FN:40,56,DocumentIndexingService.__init__
FNDA:1,DocumentIndexingService.__init__
FN:58,136,DocumentIndexingService.index_document
FNDA:0,DocumentIndexingService.index_document
FN:138,188,DocumentIndexingService._apply_chunking_strategy
FNDA:0,DocumentIndexingService._apply_chunking_strategy
FN:190,241,DocumentIndexingService._prepare_chunks_with_metadata
FNDA:0,DocumentIndexingService._prepare_chunks_with_metadata
FN:243,288,DocumentIndexingService._batch_index_chunks
FNDA:0,DocumentIndexingService._batch_index_chunks
FN:290,338,DocumentIndexingService.detect_document_language_preview
FNDA:0,DocumentIndexingService.detect_document_language_preview
FNF:6
FNH:1
end_of_record
SF:app/services/document_management_service.py
DA:14,1
DA:16,1
DA:17,1
DA:18,1
DA:21,1
DA:29,1
DA:36,1
DA:38,1
DA:51,0
DA:53,0
DA:55,0
DA:56,0
DA:57,0
DA:59,0
DA:62,0
DA:63,0
DA:64,0
DA:66,0
DA:67,0
DA:74,0
DA:77,0
DA:87,0
DA:88,0
DA:89,0
DA:91,0
DA:92,0
DA:93,0
DA:95,1
DA:108,0
DA:109,0
DA:110,0
DA:111,0
DA:112,0
DA:113,0
DA:114,0
DA:116,1
DA:129,0
DA:130,0
DA:131,0
DA:132,0
DA:133,0
DA:134,0
DA:135,0
DA:137,1
DA:149,0
DA:151,0
DA:153,0
DA:154,0
DA:156,0
DA:161,0
DA:162,0
DA:163,0
DA:165,0
DA:166,0
DA:167,0
LF:55
LH:11
FN:29,36,DocumentManagementService.__init__
FNDA:1,DocumentManagementService.__init__
FN:38,93,DocumentManagementService.get_user_documents
FNDA:0,DocumentManagementService.get_user_documents
FN:95,114,DocumentManagementService.delete_user_document
FNDA:0,DocumentManagementService.delete_user_document
FN:116,135,DocumentManagementService.delete_all_user_documents
FNDA:0,DocumentManagementService.delete_all_user_documents
FN:137,167,DocumentManagementService.get_user_document_count
FNDA:0,DocumentManagementService.get_user_document_count
FNF:5
FNH:1
end_of_record
SF:app/services/email_service.py
DA:14,1
DA:15,1
DA:16,1
DA:18,1
DA:19,1
DA:20,1
DA:32,1
DA:38,1
DA:39,0
DA:40,0
DA:41,0
DA:43,0
DA:44,0
DA:45,0
DA:47,0
DA:48,0
DA:50,1
DA:77,0
DA:78,0
DA:79,0
DA:81,0
DA:83,0
DA:84,0
DA:85,0
DA:86,0
DA:88,0
DA:89,0
DA:90,0
DA:91,0
DA:92,0
DA:93,0
DA:94,0
DA:95,0
DA:97,0
DA:100,0
DA:163,0
DA:164,0
DA:183,0
DA:192,0
DA:194,0
DA:197,0
DA:202,0
DA:204,0
DA:207,0
DA:209,0
DA:210,0
DA:211,0
DA:214,0
DA:216,0
DA:217,0
DA:220,0
DA:221,0
DA:224,0
DA:226,0
DA:227,0
DA:228,0
DA:230,1
DA:253,0
DA:254,0
DA:255,0
DA:257,0
DA:259,0
DA:262,0
DA:263,0
DA:264,0
DA:265,0
DA:266,0
DA:267,0
DA:268,0
DA:269,0
DA:271,0
DA:272,0
DA:273,0
DA:276,0
DA:277,0
DA:278,0
DA:281,0
DA:346,0
DA:347,0
DA:366,0
DA:375,0
DA:377,0
DA:378,0
DA:381,0
DA:383,0
DA:384,0
DA:387,0
DA:388,0
DA:391,0
DA:393,0
DA:394,0
DA:395,0
DA:397,1
DA:414,0
DA:415,0
DA:416,0
DA:418,0
DA:420,0
DA:423,0
DA:441,0
DA:490,0
DA:499,0
DA:501,0
DA:502,0
DA:505,0
DA:507,0
DA:508,0
DA:511,0
DA:512,0
DA:515,0
DA:517,0
DA:518,0
DA:519,0
DA:523,1
DA:526,1
DA:532,0
DA:533,0
DA:534,0
LF:118
LH:13
FN:38,48,EmailService.__init__
FNDA:0,EmailService.__init__
FN:50,228,EmailService.send_bug_report
FNDA:0,EmailService.send_bug_report
FN:230,395,EmailService.send_feedback
FNDA:0,EmailService.send_feedback
FN:397,519,EmailService.send_invitation_request
FNDA:0,EmailService.send_invitation_request
FN:526,534,get_email_service
FNDA:0,get_email_service
FNF:5
FNH:0
end_of_record
SF:app/services/language_service.py
DA:3,1
DA:4,1
DA:7,1
DA:10,1
DA:18,1
DA:20,1
DA:22,1
DA:24,0
DA:25,0
DA:27,0
DA:29,0
DA:30,0
DA:32,0
DA:34,0
DA:35,0
DA:37,1
DA:40,0
DA:42,0
DA:43,0
DA:44,0
DA:45,0
DA:47,0
DA:50,0
DA:52,1
DA:56,0
DA:60,0
DA:62,0
DA:64,0
DA:65,0
DA:66,0
DA:67,0
DA:68,0
DA:71,0
DA:73,1
DA:83,0
DA:97,0
DA:100,1
LF:37
LH:11
FN:18,20,LanguageService.__init__
FNDA:1,LanguageService.__init__
FN:22,35,LanguageService.detect_language
FNDA:0,LanguageService.detect_language
FN:37,50,LanguageService.translate_to_target
FNDA:0,LanguageService.translate_to_target
FN:52,71,LanguageService.translate_answer_back
FNDA:0,LanguageService.translate_answer_back
FN:73,97,LanguageService.get_language_name
FNDA:0,LanguageService.get_language_name
FNF:5
FNH:1
end_of_record
SF:app/services/prompt_template_service.py
DA:15,1
DA:16,1
DA:19,1
DA:27,1
DA:29,1
DA:31,1
DA:51,0
DA:54,0
DA:55,0
DA:56,0
DA:59,0
DA:60,0
DA:61,0
DA:64,0
DA:67,0
DA:70,0
DA:72,0
DA:73,0
DA:75,0
DA:76,0
DA:78,0
DA:79,0
DA:81,0
DA:83,1
DA:87,0
DA:92,0
DA:95,0
DA:98,0
DA:99,0
DA:102,0
DA:104,0
DA:111,1
DA:113,0
DA:127,1
DA:136,0
DA:140,1
DA:142,0
DA:147,0
DA:150,1
DA:152,0
DA:155,1
DA:165,0
DA:170,0
DA:173,0
DA:174,0
DA:178,0
DA:181,0
DA:182,0
DA:185,0
DA:188,0
DA:189,0
DA:192,0
DA:195,0
DA:196,0
DA:199,0
DA:202,0
DA:204,1
DA:214,0
DA:218,1
DA:238,0
DA:239,0
DA:240,0
DA:245,0
DA:246,0
DA:248,0
DA:255,1
DA:267,0
DA:270,0
DA:279,0
DA:280,0
DA:281,0
DA:282,0
DA:283,0
DA:284,0
DA:285,0
DA:286,0
DA:288,0
DA:292,1
LF:78
LH:16
FN:27,29,PromptTemplateService.__init__
FNDA:1,PromptTemplateService.__init__
FN:31,81,PromptTemplateService.build_modular_prompt
FNDA:0,PromptTemplateService.build_modular_prompt
FN:83,109,PromptTemplateService.create_constraints_for_use_case
FNDA:0,PromptTemplateService.create_constraints_for_use_case
FN:111,125,PromptTemplateService.get_query_rewriter_prompt
FNDA:0,PromptTemplateService.get_query_rewriter_prompt
FN:127,138,PromptTemplateService._build_context_enforcement_header
FNDA:0,PromptTemplateService._build_context_enforcement_header
FN:140,148,PromptTemplateService._build_rag_context_block
FNDA:0,PromptTemplateService._build_rag_context_block
FN:150,153,PromptTemplateService._build_new_question_block
FNDA:0,PromptTemplateService._build_new_question_block
FN:155,202,PromptTemplateService._build_constraints_section
FNDA:0,PromptTemplateService._build_constraints_section
FN:204,216,PromptTemplateService._build_context_section
FNDA:0,PromptTemplateService._build_context_section
FN:218,253,PromptTemplateService.create_constraints
FNDA:0,PromptTemplateService.create_constraints
FN:255,288,PromptTemplateService.extract_quantity_from_query
FNDA:0,PromptTemplateService.extract_quantity_from_query
FNF:11
FNH:1
end_of_record
SF:app/services/query_expansion_service.py
DA:8,1
DA:10,1
DA:11,1
DA:12,1
DA:15,1
DA:26,1
DA:35,1
DA:38,1
DA:45,1
DA:51,1
DA:68,0
DA:70,0
DA:72,0
DA:75,0
DA:76,0
DA:78,0
DA:82,0
DA:89,0
DA:91,0
DA:94,0
DA:96,0
DA:97,0
DA:98,0
DA:100,1
DA:111,0
DA:112,0
DA:116,1
LF:27
LH:12
FN:35,49,QueryExpansionService.__init__
FNDA:1,QueryExpansionService.__init__
FN:51,98,QueryExpansionService.generate_alternative_queries
FNDA:0,QueryExpansionService.generate_alternative_queries
FN:100,112,QueryExpansionService.expand_query_pool
FNDA:0,QueryExpansionService.expand_query_pool
FNF:3
FNH:1
end_of_record
SF:app/services/query_parser_service.py
DA:23,1
DA:25,1
DA:26,1
DA:27,1
DA:28,1
DA:29,1
DA:30,1
DA:31,1
DA:32,1
DA:35,1
DA:37,1
DA:41,1
DA:45,1
DA:51,1
DA:71,1
DA:74,1
DA:81,1
DA:84,1
DA:86,1
DA:88,1
DA:122,0
DA:123,0
DA:124,0
DA:127,0
DA:130,0
DA:133,0
DA:138,0
DA:141,0
DA:144,0
DA:149,0
DA:152,0
DA:153,0
DA:154,0
DA:156,0
DA:157,0
DA:158,0
DA:159,0
DA:161,0
DA:168,0
DA:169,0
DA:170,0
DA:173,0
DA:180,1
DA:190,0
DA:241,0
DA:242,0
DA:244,0
DA:246,1
DA:259,0
DA:260,0
DA:262,0
DA:263,0
DA:265,0
DA:266,0
DA:269,0
DA:270,0
DA:271,0
DA:274,0
DA:275,0
DA:276,0
DA:277,0
DA:279,0
DA:281,0
DA:283,1
DA:295,0
DA:296,0
DA:299,0
DA:302,0
DA:305,0
DA:311,0
DA:312,0
DA:313,0
DA:314,0
DA:315,0
DA:317,0
DA:319,0
DA:320,0
DA:321,0
DA:327,1
LF:79
LH:24
FN:71,86,QueryParserService.__init__
FNDA:1,QueryParserService.__init__
FN:88,178,QueryParserService.extract_file_filters
FNDA:0,QueryParserService.extract_file_filters
FN:180,244,QueryParserService._build_extraction_prompt
FNDA:0,QueryParserService._build_extraction_prompt
FN:246,281,QueryParserService._validate_filenames
FNDA:0,QueryParserService._validate_filenames
FN:283,321,QueryParserService._find_best_match
FNDA:0,QueryParserService._find_best_match
FNF:5
FNH:1
end_of_record
SF:app/services/query_processing_service.py
DA:13,1
DA:15,1
DA:16,1
DA:17,1
DA:18,1
DA:19,1
DA:22,1
DA:31,1
DA:33,0
DA:34,0
DA:36,0
DA:42,1
DA:49,1
DA:61,1
DA:62,1
DA:64,1
DA:76,0
DA:77,0
DA:79,0
DA:84,0
DA:86,0
DA:89,0
DA:90,0
DA:91,0
DA:92,0
DA:94,0
DA:95,0
DA:97,0
DA:98,0
DA:100,0
DA:101,0
DA:103,0
DA:104,0
DA:105,0
DA:107,1
DA:126,1
DA:127,1
DA:132,1
DA:133,1
DA:134,1
DA:136,1
DA:137,1
DA:140,1
DA:141,1
DA:142,1
DA:143,1
DA:145,1
DA:148,1
DA:149,1
DA:154,1
DA:156,1
DA:157,1
DA:160,1
DA:161,0
DA:162,0
DA:164,1
DA:165,1
DA:166,1
DA:168,1
DA:170,0
DA:171,0
DA:172,0
DA:173,0
LF:63
LH:36
FN:31,39,_build_classification_prompt
FNDA:0,_build_classification_prompt
FN:49,62,QueryProcessingService.__init__
FNDA:1,QueryProcessingService.__init__
FN:64,105,QueryProcessingService.classify_query
FNDA:0,QueryProcessingService.classify_query
FN:107,173,QueryProcessingService.reformulate_query
FNDA:1,QueryProcessingService.reformulate_query
FNF:4
FNH:2
end_of_record
SF:app/services/rag_orchestrator_service.py
DA:15,1
DA:17,1
DA:18,1
DA:19,1
DA:20,1
DA:21,1
DA:22,1
DA:23,1
DA:24,1
DA:27,1
DA:28,1
DA:31,1
DA:32,1
DA:33,1
DA:34,1
DA:35,1
DA:36,1
DA:37,1
DA:38,1
DA:41,1
DA:56,1
DA:63,1
DA:66,1
DA:72,1
DA:79,1
DA:82,1
DA:88,1
DA:93,1
DA:102,1
DA:106,1
DA:110,1
DA:114,1
DA:131,0
DA:133,1
DA:146,0
DA:150,1
DA:178,0
DA:181,0
DA:186,0
DA:187,0
DA:190,0
DA:201,1
DA:211,0
DA:213,1
DA:224,0
DA:226,1
DA:236,0
DA:238,1
DA:248,0
DA:252,1
DA:265,0
DA:269,1
DA:273,0
LF:53
LH:40
FN:56,110,RAGService.__init__
FNDA:1,RAGService.__init__
FN:114,131,RAGService.index_document
FNDA:0,RAGService.index_document
FN:133,146,RAGService.detect_document_language_preview
FNDA:0,RAGService.detect_document_language_preview
FN:150,197,RAGService.answer_query
FNDA:0,RAGService.answer_query
FN:201,211,RAGService.get_user_documents
FNDA:0,RAGService.get_user_documents
FN:213,224,RAGService.delete_user_document
FNDA:0,RAGService.delete_user_document
FN:226,236,RAGService.delete_all_user_documents
FNDA:0,RAGService.delete_all_user_documents
FN:238,248,RAGService.get_user_document_count
FNDA:0,RAGService.get_user_document_count
FN:252,265,RAGService.generate_conversation_summary
FNDA:0,RAGService.generate_conversation_summary
FN:269,273,get_rag_service
FNDA:0,get_rag_service
FNF:10
FNH:1
end_of_record
SF:app/services/reranking_service.py
DA:10,1
DA:11,1
DA:12,1
DA:13,1
DA:14,1
DA:18,1
DA:21,1
DA:30,1
DA:34,1
DA:35,1
DA:37,1
DA:39,1
DA:53,0
DA:55,0
DA:56,0
DA:58,0
DA:66,0
DA:68,1
DA:82,0
DA:83,0
DA:86,0
DA:89,0
DA:91,0
DA:92,0
DA:94,0
DA:95,0
DA:96,0
DA:97,0
DA:98,0
DA:100,0
DA:102,0
DA:106,0
DA:110,0
DA:112,0
DA:114,1
DA:124,0
DA:125,0
DA:128,0
DA:129,0
DA:131,0
DA:134,0
DA:137,0
DA:138,0
DA:140,0
DA:144,0
DA:147,0
DA:150,0
DA:154,0
DA:157,0
DA:159,0
DA:161,0
DA:162,0
DA:166,0
DA:170,1
LF:54
LH:15
FN:30,37,RerankingService.__init__
FNDA:1,RerankingService.__init__
FN:39,66,RerankingService._extract_keywords
FNDA:0,RerankingService._extract_keywords
FN:68,112,RerankingService._calculate_tf_score
FNDA:0,RerankingService._calculate_tf_score
FN:114,166,RerankingService.rerank_documents
FNDA:0,RerankingService.rerank_documents
FNF:4
FNH:1
end_of_record
SF:app/services/translation_service.py
DA:10,1
DA:12,1
DA:13,1
DA:14,1
DA:17,1
DA:26,1
DA:41,1
DA:44,1
DA:49,1
DA:50,1
DA:52,1
DA:65,0
DA:70,0
DA:71,0
DA:79,0
DA:80,0
DA:82,0
DA:83,0
DA:84,0
DA:86,1
DA:101,0
DA:103,0
DA:112,0
DA:113,0
DA:124,0
DA:125,0
DA:127,0
DA:128,0
DA:130,0
DA:131,0
DA:132,0
DA:134,1
DA:145,0
DA:146,0
DA:151,0
DA:152,0
DA:163,0
DA:164,0
DA:165,0
DA:166,0
DA:167,0
DA:168,0
DA:169,0
DA:171,1
DA:181,0
DA:185,1
LF:46
LH:15
FN:41,50,TranslationService.__init__
FNDA:1,TranslationService.__init__
FN:52,84,TranslationService.translate_query_to_english
FNDA:0,TranslationService.translate_query_to_english
FN:86,132,TranslationService.translate_query_to_language
FNDA:0,TranslationService.translate_query_to_language
FN:134,169,TranslationService.translate_answer_back
FNDA:0,TranslationService.translate_answer_back
FN:171,181,TranslationService.get_language_name
FNDA:0,TranslationService.get_language_name
FNF:5
FNH:1
end_of_record
SF:app/services/usage_tracking_service.py
DA:7,1
DA:9,1
DA:10,1
DA:13,1
DA:16,1
DA:17,0
DA:19,1
DA:21,0
DA:23,1
DA:33,0
DA:34,0
DA:35,0
DA:36,0
DA:38,0
DA:39,0
DA:41,0
DA:42,0
DA:43,0
DA:46,0
DA:47,0
DA:49,0
DA:50,0
DA:51,0
DA:53,1
DA:63,0
DA:64,0
DA:65,0
DA:68,0
DA:70,0
DA:71,0
DA:72,0
DA:74,0
DA:75,0
DA:76,0
DA:77,0
DA:78,0
DA:79,0
DA:81,0
DA:86,0
DA:89,0
DA:95,0
DA:96,0
DA:98,0
DA:99,0
DA:100,0
DA:102,0
DA:103,0
DA:104,0
DA:106,1
DA:117,0
DA:119,0
DA:120,0
DA:121,0
DA:123,0
DA:124,0
DA:126,0
DA:127,0
DA:129,0
DA:131,0
DA:132,0
DA:134,0
DA:136,1
DA:145,0
DA:146,0
DA:151,0
DA:153,0
DA:154,0
DA:155,0
DA:156,0
DA:158,0
DA:159,0
DA:160,0
DA:163,0
DA:164,0
DA:165,0
DA:166,0
DA:167,0
DA:169,0
DA:170,0
DA:171,0
DA:173,0
DA:176,0
DA:177,0
DA:178,0
DA:180,0
DA:182,0
DA:183,0
DA:187,1
DA:189,1
DA:192,0
DA:193,0
DA:194,0
LF:92
LH:12
FN:16,17,UsageTrackingService.__init__
FNDA:0,UsageTrackingService.__init__
FN:19,21,UsageTrackingService._get_today_key
FNDA:0,UsageTrackingService._get_today_key
FN:23,51,UsageTrackingService.get_user_queries_today
FNDA:0,UsageTrackingService.get_user_queries_today
FN:53,104,UsageTrackingService.increment_user_queries
FNDA:0,UsageTrackingService.increment_user_queries
FN:71,96,UsageTrackingService.increment_user_queries.update_in_transaction
FNDA:0,UsageTrackingService.increment_user_queries.update_in_transaction
FN:106,134,UsageTrackingService.check_query_limit
FNDA:0,UsageTrackingService.check_query_limit
FN:136,183,UsageTrackingService.cleanup_old_usage
FNDA:0,UsageTrackingService.cleanup_old_usage
FN:189,194,get_usage_service
FNDA:0,get_usage_service
FNF:8
FNH:0
end_of_record
