{
  "timestamp": "2025-12-03 12:35:09.665",
  "timestampMs": 1764761709665,
  "overallStatus": "FAILED",
  "terminalOutput": "",
  "frontend": [
    {
      "name": "Prettier",
      "role": "Code Formatting",
      "status": "PASSED",
      "severity": "0 files",
      "details": "Checking formatting...\nAll matched files use Prettier code style!"
    },
    {
      "name": "TypeScript",
      "role": "Type Checking & Compilation",
      "status": "PASSED",
      "severity": "0 issues",
      "details": ""
    },
    {
      "name": "ESLint",
      "role": "Linter (Quality)",
      "status": "PASSED",
      "severity": "0 issues",
      "details": ""
    },
    {
      "name": "ESLint Complexity",
      "role": "Cyclomatic Complexity (Max 15)",
      "status": "PASSED",
      "severity": "0 violations",
      "details": "[{\"filePath\":\"/home/andrea/Workspace/document-intelligent-hub/frontend/app/about/page.tsx\",\"messages\":[],\"suppressedMessages\":[],\"errorCount\":0,\"fatalErrorCount\":0,\"warningCount\":0,\"fixableErrorCount\":0,\"fixableWarningCount\":0,\"usedDeprecatedRules\":[]},{\"filePath\":\"/home/andrea/Workspace/document-intelligent-hub/frontend/app/api/chat/route.ts\",\"messages\":[],\"suppressedMessages\":[],\"errorCount\":0,\"fatalErrorCount\":0,\"warningCount\":0,\"fixableErrorCount\":0,\"fixableWarningCount\":0,\"usedDeprecatedRules\":[]},{\"filePath\":\"/home/andrea/Workspace/document-intelligent-hub/frontend/app/dashboard/page.tsx\",\"messages\":[],\"suppressedMessages\":[],\"errorCount\":0,\"fatalErrorCount\":0,\"warningCount\":0,\"fixableErrorCount\":0,\"fixableWarningCount\":0,\"usedDeprecatedRules\":[]},{\"filePath\":\"/home/andrea/Workspace/document-intelligent-hub/frontend/app/layout.tsx\",\"messages\":[],\"suppressedMessages\":[],\"errorCount\":0,\"fatalErrorCount\":0,\"warningCount\":0,\"fixableErrorCount\":0,\"fixableWarningCount\":0,\"usedDeprecatedRules\":[]},{\"filePath\":\"/home/andrea/Workspace/document-intelligent-hub/frontend/app/login/page.tsx\",\"messages\":[],\"suppressedMessages\":[],\"errorCount\":0,\"fatalErrorCount\":0,\"warningCount\":0,\"fixableErrorCount\":0,\"fixableWarningCount\":0,\"usedDeprecatedRules\":[]},{\"filePath\":\"/home/andrea/Workspace/document-intelligent-hub/frontend/app/page.tsx\",\"messages\":[],\"suppressedMessages\":[],\"errorCount\":0,\"fatalErrorCount\":0,\"warningCount\":0,\"fixableErrorCount\":0,\"fixableWarningCount\":0,\"usedDeprecatedRules\":[]},{\"filePath\":\"/home/andrea/Workspace/document-intelligent-hub/frontend/app/signup/page.tsx\",\"messages\":[],\"suppressedMessages\":[],\"errorCount\":0,\"fatalErrorCount\":0,\"warningCount\":0,\"fixableErrorCount\":0,\"fixableWarningCount\":0,\"usedDeprecatedRules\":[]},{\"filePath\":\"/home/andrea/Workspace/document-intelligent-hub/frontend/components/AlertMessage.tsx\",\"messages\":[],\"suppressedMessages\":[],\"errorCount\":0,\"fatalErrorCount\":0,\"warningCount\":0,\"fixableErrorCount\":0,\"fixableWarningCount\":0,\"usedDeprecatedRules\":[]},{\"filePath\":\"/home/andrea/Workspace/document-intelligent-hub/frontend/components/BugReportModal.tsx\",\"messages\":[],\"suppressedMessages\":[],\"errorCount\":0,\"fatalErrorCount\":0,\"warningCount\":0,\"fixableErrorCount\":0,\"fixableWarningCount\":0,\"usedDeprecatedRules\":[]},{\"filePath\":\"/home/andrea/Workspace/document-intelligent-hub/frontend/components/BugReportModal/BugReportFileAttachment.tsx\",\"messages\":[],\"suppressedMessages\":[],\"errorCount\":0,\"fatalErrorCount\":0,\"warningCount\":0,\"fixableErrorCount\":0,\"fixableWarningCount\":0,\"usedDeprecatedRules\":[]},{\"filePath\":\"/home/andrea/Workspace/document-intelligent-hub/frontend/components/BugReportModal/BugReportModalHeader.tsx\",\"messages\":[],\"suppressedMessages\":[],\"errorCount\":0,\"fatalErrorCount\":0,\"warningCount\":0,\"fixableErrorCount\":0,\"fixableWarningCount\":0,\"usedDeprecatedRules\":[]},{\"filePath\":\"/home/andrea/Workspace/document-intelligent-hub/frontend/components/BugReportModal/BugReportModalInfo.tsx\",\"messages\":[],\"suppressedMessages\":[],\"errorCount\":0,\"fatalErrorCount\":0,\"warningCount\":0,\"fixableErrorCount\":0,\"fixableWarningCount\":0,\"usedDeprecatedRules\":[]},{\"filePath\":\"/home/andrea/Workspace/document-intelligent-hub/frontend/components/BugReportModal/BugReportStatusMessages.tsx\",\"messages\":[],\"suppressedMessages\":[],\"errorCount\":0,\"fatalErrorCount\":0,\"warningCount\":0,\"fixableErrorCount\":0,\"fixableWarningCount\":0,\"usedDeprecatedRules\":[]},{\"filePath\":\"/home/andrea/Workspace/document-intelligent-hub/frontend/components/BugReportModal/bugReportApi.ts\",\"messages\":[],\"suppressedMessages\":[],\"errorCount\":0,\"fatalErrorCount\":0,\"warningCount\":0,\"fixableErrorCount\":0,\"fixableWarningCount\":0,\"usedDeprecatedRules\":[]},{\"filePath\":\"/home/andrea/Workspace/document-intelligent-hub/frontend/components/BugReportModal/fileValidation.ts\",\"messages\":[],\"suppressedMessages\":[],\"errorCount\":0,\"fatalErrorCount\":0,\"warningCount\":0,\"fixableErrorCount\":0,\"fixableWarningCount\":0,\"usedDeprecatedRules\":[]},{\"filePath\":\"/home/andrea/Workspace/document-intelligent-hub/frontend/components/BugReportModal/useBugReportForm.ts\",\"messages\":[],\"suppressedMessages\":[],\"errorCount\":0,\"fatalErrorCount\":0,\"warningCount\":0,\"fixableErrorCount\":0,\"fixableWarningCount\":0,\"usedDeprecatedRules\":[]},{\"filePath\":\"/home/andrea/Workspace/document-intelligent-hub/frontend/components/ChatMessageDisplay.tsx\",\"messages\":[],\"suppressedMessages\":[],\"errorCount\":0,\"fatalErrorCount\":0,\"warningCount\":0,\"fixableErrorCount\":0,\"fixableWarningCount\":0,\"usedDeprecatedRules\":[]},{\"filePath\":\"/home/andrea/Workspace/document-intelligent-hub/frontend/components/ChatSection.tsx\",\"messages\":[],\"suppressedMessages\":[],\"errorCount\":0,\"fatalErrorCount\":0,\"warningCount\":0,\"fixableErrorCount\":0,\"fixableWarningCount\":0,\"usedDeprecatedRules\":[]},{\"filePath\":\"/home/andrea/Workspace/document-intelligent-hub/frontend/components/ChatSection/ChatEmptyState.tsx\",\"messages\":[],\"suppressedMessages\":[],\"errorCount\":0,\"fatalErrorCount\":0,\"warningCount\":0,\"fixableErrorCount\":0,\"fixableWarningCount\":0,\"usedDeprecatedRules\":[]},{\"filePath\":\"/home/andrea/Workspace/document-intelligent-hub/frontend/components/ChatSection/ChatInputActions.tsx\",\"messages\":[],\"suppressedMessages\":[],\"errorCount\":0,\"fatalErrorCount\":0,\"warningCount\":0,\"fixableErrorCount\":0,\"fixableWarningCount\":0,\"usedDeprecatedRules\":[]},{\"filePath\":\"/home/andrea/Workspace/document-intelligent-hub/frontend/components/ChatSection/ChatLoadingSkeleton.tsx\",\"messages\":[],\"suppressedMessages\":[],\"errorCount\":0,\"fatalErrorCount\":0,\"warningCount\":0,\"fixableErrorCount\":0,\"fixableWarningCount\":0,\"usedDeprecatedRules\":[]},{\"filePath\":\"/home/andrea/Workspace/document-intelligent-hub/frontend/components/ChatSection/chatHelpers.ts\",\"messages\":[],\"suppressedMessages\":[],\"errorCount\":0,\"fatalErrorCount\":0,\"warningCount\":0,\"fixableErrorCount\":0,\"fixableWarningCount\":0,\"usedDeprecatedRules\":[]},{\"filePath\":\"/home/andrea/Workspace/document-intelligent-hub/frontend/components/ChatSection/placeholderText.ts\",\"messages\":[],\"suppressedMessages\":[],\"errorCount\":0,\"fatalErrorCount\":0,\"warningCount\":0,\"fixableErrorCount\":0,\"fixableWarningCount\":0,\"usedDeprecatedRules\":[]},{\"filePath\":\"/home/andrea/Workspace/document-intelligent-hub/frontend/components/ChatSection/useChatScroll.ts\",\"messages\":[],\"suppressedMessages\":[],\"errorCount\":0,\"fatalErrorCount\":0,\"warningCount\":0,\"fixableErrorCount\":0,\"fixableWarningCount\":0,\"usedDeprecatedRules\":[]},{\"filePath\":\"/home/andrea/Workspace/document-intelligent-hub/frontend/components/ChatSection/useLanguageFlag.ts\",\"messages\":[],\"suppressedMessages\":[],\"errorCount\":0,\"fatalErrorCount\":0,\"warningCount\":0,\"fixableErrorCount\":0,\"fixableWarningCount\":0,\"usedDeprecatedRules\":[]},{\"filePath\":\"/home/andrea/Workspace/document-intelligent-hub/frontend/components/ChatSection/useTextareaResize.ts\",\"messages\":[],\"suppressedMessages\":[],\"errorCount\":0,\"fatalErrorCount\":0,\"warningCount\":0,\"fixableErrorCount\":0,\"fixableWarningCount\":0,\"usedDeprecatedRules\":[]},{\"filePath\":\"/home/andrea/Workspace/document-intelligent-hub/frontend/components/ConfirmModal.tsx\",\"messages\":[],\"suppressedMessages\":[],\"errorCount\":0,\"fatalErrorCount\":0,\"warningCount\":0,\"fixableErrorCount\":0,\"fixableWarningCount\":0,\"usedDeprecatedRules\":[]},{\"filePath\":\"/home/andrea/Workspace/document-intelligent-hub/frontend/components/ConversationList.tsx\",\"messages\":[],\"suppressedMessages\":[],\"errorCount\":0,\"fatalErrorCount\":0,\"warningCount\":0,\"fixableErrorCount\":0,\"fixableWarningCount\":0,\"usedDeprecatedRules\":[]},{\"filePath\":\"/home/andrea/Workspace/document-intelligent-hub/frontend/components/DeleteAccountModal.tsx\",\"messages\":[],\"suppressedMessages\":[],\"errorCount\":0,\"fatalErrorCount\":0,\"warningCount\":0,\"fixableErrorCount\":0,\"fixableWarningCount\":0,\"usedDeprecatedRules\":[]},{\"filePath\":\"/home/andrea/Workspace/document-intelligent-hub/frontend/components/DocumentList.tsx\",\"messages\":[],\"suppressedMessages\":[],\"errorCount\":0,\"fatalErrorCount\":0,\"warningCount\":0,\"fixableErrorCount\":0,\"fixableWarningCount\":0,\"usedDeprecatedRules\":[]},{\"filePath\":\"/home/andrea/Workspace/document-intelligent-hub/frontend/components/DocumentList/DocumentContextMenu.tsx\",\"messages\":[],\"suppressedMessages\":[],\"errorCount\":0,\"fatalErrorCount\":0,\"warningCount\":0,\"fixableErrorCount\":0,\"fixableWarningCount\":0,\"usedDeprecatedRules\":[]},{\"filePath\":\"/home/andrea/Workspace/document-intelligent-hub/frontend/components/DocumentList/DocumentItem.tsx\",\"messages\":[],\"suppressedMessages\":[],\"errorCount\":0,\"fatalErrorCount\":0,\"warningCount\":0,\"fixableErrorCount\":0,\"fixableWarningCount\":0,\"usedDeprecatedRules\":[]},{\"filePath\":\"/home/andrea/Workspace/document-intelligent-hub/frontend/components/DocumentList/useDocumentMenu.ts\",\"messages\":[],\"suppressedMessages\":[],\"errorCount\":0,\"fatalErrorCount\":0,\"warningCount\":0,\"fixableErrorCount\":0,\"fixableWarningCount\":0,\"usedDeprecatedRules\":[]},{\"filePath\":\"/home/andrea/Workspace/document-intelligent-hub/frontend/components/DocumentList/useDocumentSelection.ts\",\"messages\":[],\"suppressedMessages\":[],\"errorCount\":0,\"fatalErrorCount\":0,\"warningCount\":0,\"fixableErrorCount\":0,\"fixableWarningCount\":0,\"usedDeprecatedRules\":[]},{\"filePath\":\"/home/andrea/Workspace/document-intelligent-hub/frontend/components/DocumentListSkeleton.tsx\",\"messages\":[],\"suppressedMessages\":[],\"errorCount\":0,\"fatalErrorCount\":0,\"warningCount\":0,\"fixableErrorCount\":0,\"fixableWarningCount\":0,\"usedDeprecatedRules\":[]},{\"filePath\":\"/home/andrea/Workspace/document-intelligent-hub/frontend/components/DocumentManager.tsx\",\"messages\":[],\"suppressedMessages\":[],\"errorCount\":0,\"fatalErrorCount\":0,\"warningCount\":0,\"fixableErrorCount\":0,\"fixableWarningCount\":0,\"usedDeprecatedRules\":[]},{\"filePath\":\"/home/andrea/Workspace/document-intelligent-hub/frontend/components/DocumentModal.tsx\",\"messages\":[],\"suppressedMessages\":[],\"errorCount\":0,\"fatalErrorCount\":0,\"warningCount\":0,\"fixableErrorCount\":0,\"fixableWarningCount\":0,\"usedDeprecatedRules\":[]},{\"filePath\":\"/home/andrea/Workspace/document-intelligent-hub/frontend/components/DocumentModal/DocumentUploadSection.tsx\",\"messages\":[],\"suppressedMessages\":[],\"errorCount\":0,\"fatalErrorCount\":0,\"warningCount\":0,\"fixableErrorCount\":0,\"fixableWarningCount\":0,\"usedDeprecatedRules\":[]},{\"filePath\":\"/home/andrea/Workspace/document-intelligent-hub/frontend/components/DocumentModal/EmptyDocumentsState.tsx\",\"messages\":[],\"suppressedMessages\":[],\"errorCount\":0,\"fatalErrorCount\":0,\"warningCount\":0,\"fixableErrorCount\":0,\"fixableWarningCount\":0,\"usedDeprecatedRules\":[]},{\"filePath\":\"/home/andrea/Workspace/document-intelligent-hub/frontend/components/DocumentModal/IndexedDocumentsList.tsx\",\"messages\":[],\"suppressedMessages\":[],\"errorCount\":0,\"fatalErrorCount\":0,\"warningCount\":0,\"fixableErrorCount\":0,\"fixableWarningCount\":0,\"usedDeprecatedRules\":[]},{\"filePath\":\"/home/andrea/Workspace/document-intelligent-hub/frontend/components/DocumentModal/documentHelpers.ts\",\"messages\":[],\"suppressedMessages\":[],\"errorCount\":0,\"fatalErrorCount\":0,\"warningCount\":0,\"fixableErrorCount\":0,\"fixableWarningCount\":0,\"usedDeprecatedRules\":[]},{\"filePath\":\"/home/andrea/Workspace/document-intelligent-hub/frontend/components/DocumentModal/useDocumentDeletion.ts\",\"messages\":[],\"suppressedMessages\":[],\"errorCount\":0,\"fatalErrorCount\":0,\"warningCount\":0,\"fixableErrorCount\":0,\"fixableWarningCount\":0,\"usedDeprecatedRules\":[]},{\"filePath\":\"/home/andrea/Workspace/document-intelligent-hub/frontend/components/DocumentModal/useDragAndDrop.ts\",\"messages\":[],\"suppressedMessages\":[],\"errorCount\":0,\"fatalErrorCount\":0,\"warningCount\":0,\"fixableErrorCount\":0,\"fixableWarningCount\":0,\"usedDeprecatedRules\":[]},{\"filePath\":\"/home/andrea/Workspace/document-intelligent-hub/frontend/components/FeedbackModal.tsx\",\"messages\":[],\"suppressedMessages\":[],\"errorCount\":0,\"fatalErrorCount\":0,\"warningCount\":0,\"fixableErrorCount\":0,\"fixableWarningCount\":0,\"usedDeprecatedRules\":[]},{\"filePath\":\"/home/andrea/Workspace/document-intelligent-hub/frontend/components/InvitationCodeModal.tsx\",\"messages\":[],\"suppressedMessages\":[],\"errorCount\":0,\"fatalErrorCount\":0,\"warningCount\":0,\"fixableErrorCount\":0,\"fixableWarningCount\":0,\"usedDeprecatedRules\":[]},{\"filePath\":\"/home/andrea/Workspace/document-intelligent-hub/frontend/components/LanguageSelector.tsx\",\"messages\":[],\"suppressedMessages\":[],\"errorCount\":0,\"fatalErrorCount\":0,\"warningCount\":0,\"fixableErrorCount\":0,\"fixableWarningCount\":0,\"usedDeprecatedRules\":[]},{\"filePath\":\"/home/andrea/Workspace/document-intelligent-hub/frontend/components/LoginForm.tsx\",\"messages\":[],\"suppressedMessages\":[],\"errorCount\":0,\"fatalErrorCount\":0,\"warningCount\":0,\"fixableErrorCount\":0,\"fixableWarningCount\":0,\"usedDeprecatedRules\":[]},{\"filePath\":\"/home/andrea/Workspace/document-intelligent-hub/frontend/components/MobileActionSheet.tsx\",\"messages\":[],\"suppressedMessages\":[],\"errorCount\":0,\"fatalErrorCount\":0,\"warningCount\":0,\"fixableErrorCount\":0,\"fixableWarningCount\":0,\"usedDeprecatedRules\":[]},{\"filePath\":\"/home/andrea/Workspace/document-intelligent-hub/frontend/components/OutputLanguageSelector.tsx\",\"messages\":[],\"suppressedMessages\":[],\"errorCount\":0,\"fatalErrorCount\":0,\"warningCount\":0,\"fixableErrorCount\":0,\"fixableWarningCount\":0,\"usedDeprecatedRules\":[]},{\"filePath\":\"/home/andrea/Workspace/document-intelligent-hub/frontend/components/ProtectedRoute.tsx\",\"messages\":[],\"suppressedMessages\":[],\"errorCount\":0,\"fatalErrorCount\":0,\"warningCount\":0,\"fixableErrorCount\":0,\"fixableWarningCount\":0,\"usedDeprecatedRules\":[]},{\"filePath\":\"/home/andrea/Workspace/document-intelligent-hub/frontend/components/RenameModal.tsx\",\"messages\":[],\"suppressedMessages\":[],\"errorCount\":0,\"fatalErrorCount\":0,\"warningCount\":0,\"fixableErrorCount\":0,\"fixableWarningCount\":0,\"usedDeprecatedRules\":[]},{\"filePath\":\"/home/andrea/Workspace/document-intelligent-hub/frontend/components/RequestCodeModal.tsx\",\"messages\":[],\"suppressedMessages\":[],\"errorCount\":0,\"fatalErrorCount\":0,\"warningCount\":0,\"fixableErrorCount\":0,\"fixableWarningCount\":0,\"usedDeprecatedRules\":[]},{\"filePath\":\"/home/andrea/Workspace/document-intelligent-hub/frontend/components/RightSidebar.tsx\",\"messages\":[],\"suppressedMessages\":[],\"errorCount\":0,\"fatalErrorCount\":0,\"warningCount\":0,\"fixableErrorCount\":0,\"fixableWarningCount\":0,\"usedDeprecatedRules\":[]},{\"filePath\":\"/home/andrea/Workspace/document-intelligent-hub/frontend/components/RightSidebar/DocumentsView.tsx\",\"messages\":[],\"suppressedMessages\":[],\"errorCount\":0,\"fatalErrorCount\":0,\"warningCount\":0,\"fixableErrorCount\":0,\"fixableWarningCount\":0,\"usedDeprecatedRules\":[]},{\"filePath\":\"/home/andrea/Workspace/document-intelligent-hub/frontend/components/RightSidebar/MenuProfileSection.tsx\",\"messages\":[],\"suppressedMessages\":[],\"errorCount\":0,\"fatalErrorCount\":0,\"warningCount\":0,\"fixableErrorCount\":0,\"fixableWarningCount\":0,\"usedDeprecatedRules\":[]},{\"filePath\":\"/home/andrea/Workspace/document-intelligent-hub/frontend/components/RightSidebar/SettingsView.tsx\",\"messages\":[],\"suppressedMessages\":[],\"errorCount\":0,\"fatalErrorCount\":0,\"warningCount\":0,\"fixableErrorCount\":0,\"fixableWarningCount\":0,\"usedDeprecatedRules\":[]},{\"filePath\":\"/home/andrea/Workspace/document-intelligent-hub/frontend/components/RightSidebar/SidebarHeader.tsx\",\"messages\":[],\"suppressedMessages\":[],\"errorCount\":0,\"fatalErrorCount\":0,\"warningCount\":0,\"fixableErrorCount\":0,\"fixableWarningCount\":0,\"usedDeprecatedRules\":[]},{\"filePath\":\"/home/andrea/Workspace/document-intelligent-hub/frontend/components/SaveModal.tsx\",\"messages\":[],\"suppressedMessages\":[],\"errorCount\":0,\"fatalErrorCount\":0,\"warningCount\":0,\"fixableErrorCount\":0,\"fixableWarningCount\":0,\"usedDeprecatedRules\":[]},{\"filePath\":\"/home/andrea/Workspace/document-intelligent-hub/frontend/components/ServerOfflineBanner.tsx\",\"messages\":[],\"suppressedMessages\":[],\"errorCount\":0,\"fatalErrorCount\":0,\"warningCount\":0,\"fixableErrorCount\":0,\"fixableWarningCount\":0,\"usedDeprecatedRules\":[]},{\"filePath\":\"/home/andrea/Workspace/document-intelligent-hub/frontend/components/Sidebar.tsx\",\"messages\":[],\"suppressedMessages\":[],\"errorCount\":0,\"fatalErrorCount\":0,\"warningCount\":0,\"fixableErrorCount\":0,\"fixableWarningCount\":0,\"usedDeprecatedRules\":[]},{\"filePath\":\"/home/andrea/Workspace/document-intelligent-hub/frontend/components/SignupForm.tsx\",\"messages\":[],\"suppressedMessages\":[],\"errorCount\":0,\"fatalErrorCount\":0,\"warningCount\":0,\"fixableErrorCount\":0,\"fixableWarningCount\":0,\"usedDeprecatedRules\":[]},{\"filePath\":\"/home/andrea/Workspace/document-intelligent-hub/frontend/components/TierBadge.tsx\",\"messages\":[],\"suppressedMessages\":[],\"errorCount\":0,\"fatalErrorCount\":0,\"warningCount\":0,\"fixableErrorCount\":0,\"fixableWarningCount\":0,\"usedDeprecatedRules\":[]},{\"filePath\":\"/home/andrea/Workspace/document-intelligent-hub/frontend/components/TierLimitsDisplay.tsx\",\"messages\":[],\"suppressedMessages\":[],\"errorCount\":0,\"fatalErrorCount\":0,\"warningCount\":0,\"fixableErrorCount\":0,\"fixableWarningCount\":0,\"usedDeprecatedRules\":[]},{\"filePath\":\"/home/andrea/Workspace/document-intelligent-hub/frontend/components/TopBar.tsx\",\"messages\":[],\"suppressedMessages\":[],\"errorCount\":0,\"fatalErrorCount\":0,\"warningCount\":0,\"fixableErrorCount\":0,\"fixableWarningCount\":0,\"usedDeprecatedRules\":[]},{\"filePath\":\"/home/andrea/Workspace/document-intelligent-hub/frontend/components/UploadModal.tsx\",\"messages\":[],\"suppressedMessages\":[],\"errorCount\":0,\"fatalErrorCount\":0,\"warningCount\":0,\"fixableErrorCount\":0,\"fixableWarningCount\":0,\"usedDeprecatedRules\":[]},{\"filePath\":\"/home/andrea/Workspace/document-intelligent-hub/frontend/components/UploadProgress.tsx\",\"messages\":[],\"suppressedMessages\":[],\"errorCount\":0,\"fatalErrorCount\":0,\"warningCount\":0,\"fixableErrorCount\":0,\"fixableWarningCount\":0,\"usedDeprecatedRules\":[]},{\"filePath\":\"/home/andrea/Workspace/document-intelligent-hub/frontend/components/UploadSection.tsx\",\"messages\":[],\"suppressedMessages\":[],\"errorCount\":0,\"fatalErrorCount\":0,\"warningCount\":0,\"fixableErrorCount\":0,\"fixableWarningCount\":0,\"usedDeprecatedRules\":[]},{\"filePath\":\"/home/andrea/Workspace/document-intelligent-hub/frontend/components/UseCaseSelector.tsx\",\"messages\":[],\"suppressedMessages\":[],\"errorCount\":0,\"fatalErrorCount\":0,\"warningCount\":0,\"fixableErrorCount\":0,\"fixableWarningCount\":0,\"usedDeprecatedRules\":[]},{\"filePath\":\"/home/andrea/Workspace/document-intelligent-hub/frontend/components/UserProfile.tsx\",\"messages\":[],\"suppressedMessages\":[],\"errorCount\":0,\"fatalErrorCount\":0,\"warningCount\":0,\"fixableErrorCount\":0,\"fixableWarningCount\":0,\"usedDeprecatedRules\":[]},{\"filePath\":\"/home/andrea/Workspace/document-intelligent-hub/frontend/contexts/AuthContext.tsx\",\"messages\":[],\"suppressedMessages\":[],\"errorCount\":0,\"fatalErrorCount\":0,\"warningCount\":0,\"fixableErrorCount\":0,\"fixableWarningCount\":0,\"usedDeprecatedRules\":[]},{\"filePath\":\"/home/andrea/Workspace/document-intelligent-hub/frontend/hooks/queries/useConversationsQuery.ts\",\"messages\":[],\"suppressedMessages\":[],\"errorCount\":0,\"fatalErrorCount\":0,\"warningCount\":0,\"fixableErrorCount\":0,\"fixableWarningCount\":0,\"usedDeprecatedRules\":[]},{\"filePath\":\"/home/andrea/Workspace/document-intelligent-hub/frontend/hooks/useChatAI.ts\",\"messages\":[],\"suppressedMessages\":[],\"errorCount\":0,\"fatalErrorCount\":0,\"warningCount\":0,\"fixableErrorCount\":0,\"fixableWarningCount\":0,\"usedDeprecatedRules\":[]},{\"filePath\":\"/home/andrea/Workspace/document-intelligent-hub/frontend/hooks/useConversationSummary.ts\",\"messages\":[],\"suppressedMessages\":[],\"errorCount\":0,\"fatalErrorCount\":0,\"warningCount\":0,\"fixableErrorCount\":0,\"fixableWarningCount\":0,\"usedDeprecatedRules\":[]},{\"filePath\":\"/home/andrea/Workspace/document-intelligent-hub/frontend/hooks/useConversations.ts\",\"messages\":[],\"suppressedMessages\":[],\"errorCount\":0,\"fatalErrorCount\":0,\"warningCount\":0,\"fixableErrorCount\":0,\"fixableWarningCount\":0,\"usedDeprecatedRules\":[]},{\"filePath\":\"/home/andrea/Workspace/document-intelligent-hub/frontend/hooks/useDocumentStatus.ts\",\"messages\":[],\"suppressedMessages\":[],\"errorCount\":0,\"fatalErrorCount\":0,\"warningCount\":0,\"fixableErrorCount\":0,\"fixableWarningCount\":0,\"usedDeprecatedRules\":[]},{\"filePath\":\"/home/andrea/Workspace/document-intelligent-hub/frontend/hooks/useDocumentUpload.ts\",\"messages\":[],\"suppressedMessages\":[],\"errorCount\":0,\"fatalErrorCount\":0,\"warningCount\":0,\"fixableErrorCount\":0,\"fixableWarningCount\":0,\"usedDeprecatedRules\":[]},{\"filePath\":\"/home/andrea/Workspace/document-intelligent-hub/frontend/hooks/useDocuments.ts\",\"messages\":[],\"suppressedMessages\":[],\"errorCount\":0,\"fatalErrorCount\":0,\"warningCount\":0,\"fixableErrorCount\":0,\"fixableWarningCount\":0,\"usedDeprecatedRules\":[]},{\"filePath\":\"/home/andrea/Workspace/document-intelligent-hub/frontend/hooks/useMobileGestures.ts\",\"messages\":[],\"suppressedMessages\":[],\"errorCount\":0,\"fatalErrorCount\":0,\"warningCount\":0,\"fixableErrorCount\":0,\"fixableWarningCount\":0,\"usedDeprecatedRules\":[]},{\"filePath\":\"/home/andrea/Workspace/document-intelligent-hub/frontend/hooks/useQueryUsage.ts\",\"messages\":[],\"suppressedMessages\":[],\"errorCount\":0,\"fatalErrorCount\":0,\"warningCount\":0,\"fixableErrorCount\":0,\"fixableWarningCount\":0,\"usedDeprecatedRules\":[]},{\"filePath\":\"/home/andrea/Workspace/document-intelligent-hub/frontend/hooks/useRAGChat.ts\",\"messages\":[],\"suppressedMessages\":[],\"errorCount\":0,\"fatalErrorCount\":0,\"warningCount\":0,\"fixableErrorCount\":0,\"fixableWarningCount\":0,\"usedDeprecatedRules\":[]},{\"filePath\":\"/home/andrea/Workspace/document-intelligent-hub/frontend/hooks/useRegistration.ts\",\"messages\":[],\"suppressedMessages\":[],\"errorCount\":0,\"fatalErrorCount\":0,\"warningCount\":0,\"fixableErrorCount\":0,\"fixableWarningCount\":0,\"usedDeprecatedRules\":[]},{\"filePath\":\"/home/andrea/Workspace/document-intelligent-hub/frontend/hooks/useServerStatus.ts\",\"messages\":[],\"suppressedMessages\":[],\"errorCount\":0,\"fatalErrorCount\":0,\"warningCount\":0,\"fixableErrorCount\":0,\"fixableWarningCount\":0,\"usedDeprecatedRules\":[]},{\"filePath\":\"/home/andrea/Workspace/document-intelligent-hub/frontend/hooks/useTheme.ts\",\"messages\":[],\"suppressedMessages\":[],\"errorCount\":0,\"fatalErrorCount\":0,\"warningCount\":0,\"fixableErrorCount\":0,\"fixableWarningCount\":0,\"usedDeprecatedRules\":[]},{\"filePath\":\"/home/andrea/Workspace/document-intelligent-hub/frontend/hooks/useUploadProgress.ts\",\"messages\":[],\"suppressedMessages\":[],\"errorCount\":0,\"fatalErrorCount\":0,\"warningCount\":0,\"fixableErrorCount\":0,\"fixableWarningCount\":0,\"usedDeprecatedRules\":[]},{\"filePath\":\"/home/andrea/Workspace/document-intelligent-hub/frontend/hooks/useUserId.ts\",\"messages\":[],\"suppressedMessages\":[],\"errorCount\":0,\"fatalErrorCount\":0,\"warningCount\":0,\"fixableErrorCount\":0,\"fixableWarningCount\":0,\"usedDeprecatedRules\":[]},{\"filePath\":\"/home/andrea/Workspace/document-intelligent-hub/frontend/hooks/useUserTier.ts\",\"messages\":[],\"suppressedMessages\":[],\"errorCount\":0,\"fatalErrorCount\":0,\"warningCount\":0,\"fixableErrorCount\":0,\"fixableWarningCount\":0,\"usedDeprecatedRules\":[]},{\"filePath\":\"/home/andrea/Workspace/document-intelligent-hub/frontend/lib/authService.ts\",\"messages\":[],\"suppressedMessages\":[],\"errorCount\":0,\"fatalErrorCount\":0,\"warningCount\":0,\"fixableErrorCount\":0,\"fixableWarningCount\":0,\"usedDeprecatedRules\":[]},{\"filePath\":\"/home/andrea/Workspace/document-intelligent-hub/frontend/lib/constants.ts\",\"messages\":[],\"suppressedMessages\":[],\"errorCount\":0,\"fatalErrorCount\":0,\"warningCount\":0,\"fixableErrorCount\":0,\"fixableWarningCount\":0,\"usedDeprecatedRules\":[]},{\"filePath\":\"/home/andrea/Workspace/document-intelligent-hub/frontend/lib/conversationsService.ts\",\"messages\":[],\"suppressedMessages\":[],\"errorCount\":0,\"fatalErrorCount\":0,\"warningCount\":0,\"fixableErrorCount\":0,\"fixableWarningCount\":0,\"usedDeprecatedRules\":[]},{\"filePath\":\"/home/andrea/Workspace/document-intelligent-hub/frontend/lib/env.config.ts\",\"messages\":[],\"suppressedMessages\":[],\"errorCount\":0,\"fatalErrorCount\":0,\"warningCount\":0,\"fixableErrorCount\":0,\"fixableWarningCount\":0,\"usedDeprecatedRules\":[]},{\"filePath\":\"/home/andrea/Workspace/document-intelligent-hub/frontend/lib/firebase.ts\",\"messages\":[],\"suppressedMessages\":[],\"errorCount\":0,\"fatalErrorCount\":0,\"warningCount\":0,\"fixableErrorCount\":0,\"fixableWarningCount\":0,\"usedDeprecatedRules\":[]},{\"filePath\":\"/home/andrea/Workspace/document-intelligent-hub/frontend/lib/languages.ts\",\"messages\":[],\"suppressedMessages\":[],\"errorCount\":0,\"fatalErrorCount\":0,\"warningCount\":0,\"fixableErrorCount\":0,\"fixableWarningCount\":0,\"usedDeprecatedRules\":[]},{\"filePath\":\"/home/andrea/Workspace/document-intelligent-hub/frontend/lib/types.ts\",\"messages\":[],\"suppressedMessages\":[],\"errorCount\":0,\"fatalErrorCount\":0,\"warningCount\":0,\"fixableErrorCount\":0,\"fixableWarningCount\":0,\"usedDeprecatedRules\":[]},{\"filePath\":\"/home/andrea/Workspace/document-intelligent-hub/frontend/providers/QueryProvider.tsx\",\"messages\":[],\"suppressedMessages\":[],\"errorCount\":0,\"fatalErrorCount\":0,\"warningCount\":0,\"fixableErrorCount\":0,\"fixableWarningCount\":0,\"usedDeprecatedRules\":[]},{\"filePath\":\"/home/andrea/Workspace/document-intelligent-hub/frontend/stores/uiStore.ts\",\"messages\":[],\"suppressedMessages\":[],\"errorCount\":0,\"fatalErrorCount\":0,\"warningCount\":0,\"fixableErrorCount\":0,\"fixableWarningCount\":0,\"usedDeprecatedRules\":[]}]"
    }
  ],
  "backend": [
    {
      "name": "Black",
      "role": "Code Formatting",
      "status": "PASSED",
      "severity": "0 files",
      "details": "All done! \u2728 \ud83c\udf70 \u2728\n59 files would be left unchanged."
    },
    {
      "name": "MyPy",
      "role": "Type Checking (Strict)",
      "status": "FAILED",
      "severity": "220 errors, 63 notes",
      "details": "tests/test_rag_endpoints.py:12: error: Function is missing a return type annotation  [no-untyped-def]\ntests/test_rag_endpoints.py:24: error: Function is missing a return type annotation  [no-untyped-def]\ntests/test_rag_endpoints.py:41: error: Function is missing a return type annotation  [no-untyped-def]\ntests/test_rag_endpoints.py:53: error: Function is missing a return type annotation  [no-untyped-def]\ntests/test_rag_endpoints.py:66: error: Function is missing a return type annotation  [no-untyped-def]\ntests/test_rag_endpoints.py:79: error: Function is missing a return type annotation  [no-untyped-def]\ntests/test_rag_endpoints.py:97: error: Function is missing a return type annotation  [no-untyped-def]\ntests/test_rag_endpoints.py:116: error: Function is missing a return type annotation  [no-untyped-def]\ntests/test_rag_endpoints.py:127: error: Function is missing a return type annotation  [no-untyped-def]\ntests/test_rag_endpoints.py:139: error: Function is missing a return type annotation  [no-untyped-def]\ntests/test_rag_endpoints.py:159: error: Function is missing a return type annotation  [no-untyped-def]\ntests/test_rag_endpoints.py:186: error: Function is missing a return type annotation  [no-untyped-def]\ntests/test_structural_fallback.py:4: error: Function is missing a return type annotation  [no-untyped-def]\ntests/test_structural_fallback.py:4: note: Use \"-> None\" if function does not return a value\nexamples/test_registration_setup.py:35: error: Function is missing a return type annotation  [no-untyped-def]\nexamples/test_registration_setup.py:35: note: Use \"-> None\" if function does not return a value\nexamples/test_registration_setup.py:104: error: Function is missing a return type annotation  [no-untyped-def]\nexamples/test_registration_setup.py:104: note: Use \"-> None\" if function does not return a value\ntests/test_bug_report_archive.py:18: error: Function is missing a return type annotation  [no-untyped-def]\ntests/test_bug_report_archive.py:58: error: Function is missing a return type annotation  [no-untyped-def]\ntests/test_bug_report_archive.py:58: note: Use \"-> None\" if function does not return a value\ntests/test_bug_report_video.py:18: error: Function is missing a return type annotation  [no-untyped-def]\ntests/test_bug_report_video.py:98: error: Function is missing a return type annotation  [no-untyped-def]\ntests/test_bug_report_video.py:98: note: Use \"-> None\" if function does not return a value\nscripts/setup_tier_limits.py:13: error: Function is missing a return type annotation  [no-untyped-def]\nscripts/setup_tier_limits.py:13: note: Use \"-> None\" if function does not return a value\ntests/test_document_crud.py:17: error: Function is missing a return type annotation  [no-untyped-def]\ntests/test_document_crud.py:21: error: Function is missing a return type annotation  [no-untyped-def]\ntests/test_document_crud.py:32: error: Function is missing a return type annotation  [no-untyped-def]\ntests/test_document_crud.py:60: error: Function is missing a return type annotation  [no-untyped-def]\ntests/test_document_crud.py:83: error: Function is missing a return type annotation  [no-untyped-def]\ntests/test_bug_report_attachment.py:18: error: Function is missing a return type annotation  [no-untyped-def]\ntests/test_bug_report_attachment.py:43: error: Function is missing a return type annotation  [no-untyped-def]\ntests/test_bug_report_attachment.py:43: note: Use \"-> None\" if function does not return a value\ntests/test_bug_report_attachment.py:94: error: Function is missing a return type annotation  [no-untyped-def]\ntests/test_bug_report_attachment.py:94: note: Use \"-> None\" if function does not return a value\ntests/test_invitation_code.py:21: error: Function is missing a return type annotation  [no-untyped-def]\ntests/test_invitation_code.py:38: error: Function is missing a return type annotation  [no-untyped-def]\ntests/test_invitation_code.py:47: error: Function is missing a return type annotation  [no-untyped-def]\ntests/test_invitation_code.py:60: error: Function is missing a return type annotation  [no-untyped-def]\ntests/test_invitation_code.py:103: error: Function is missing a return type annotation  [no-untyped-def]\ntests/test_invitation_code.py:137: error: Function is missing a return type annotation  [no-untyped-def]\ntests/test_invitation_code.py:169: error: Function is missing a return type annotation  [no-untyped-def]\ntests/test_invitation_code.py:191: error: Function is missing a return type annotation  [no-untyped-def]\ntests/test_invitation_code.py:212: error: Function is missing a return type annotation  [no-untyped-def]\ntests/test_invitation_code.py:238: error: Function is missing a return type annotation  [no-untyped-def]\ntests/test_invitation_code.py:267: error: Function is missing a return type annotation  [no-untyped-def]\ntests/test_invitation_code.py:273: error: Function is missing a return type annotation  [no-untyped-def]\ntests/test_invitation_code.py:294: error: Function is missing a return type annotation  [no-untyped-def]\ntests/test_invitation_code.py:314: error: Function is missing a return type annotation  [no-untyped-def]\ntests/test_invitation_code.py:322: error: Function is missing a return type annotation  [no-untyped-def]\ntests/test_invitation_code.py:332: error: Function is missing a return type annotation  [no-untyped-def]\ntests/test_invitation_code.py:353: error: Function is missing a return type annotation  [no-untyped-def]\ntests/test_invitation_code.py:402: error: Function is missing a return type annotation  [no-untyped-def]\ntests/test_invitation_code.py:432: error: Function is missing a return type annotation  [no-untyped-def]\ntests/test_invitation_code.py:458: error: Function is missing a return type annotation  [no-untyped-def]\ntests/test_invitation_code.py:464: error: Function is missing a return type annotation  [no-untyped-def]\ntests/test_use_cases.py:22: error: Function is missing a return type annotation  [no-untyped-def]\ntests/test_use_cases.py:22: note: Use \"-> None\" if function does not return a value\ntests/test_use_cases.py:41: error: Function is missing a return type annotation  [no-untyped-def]\ntests/test_use_cases.py:41: note: Use \"-> None\" if function does not return a value\ntests/test_use_cases.py:62: error: Function is missing a return type annotation  [no-untyped-def]\ntests/test_use_cases.py:62: note: Use \"-> None\" if function does not return a value\ntests/test_use_cases.py:76: error: Function is missing a return type annotation  [no-untyped-def]\ntests/test_use_cases.py:76: note: Use \"-> None\" if function does not return a value\ntests/test_use_cases.py:90: error: Function is missing a return type annotation  [no-untyped-def]\ntests/test_use_cases.py:90: note: Use \"-> None\" if function does not return a value\ntests/test_use_cases.py:102: error: Function is missing a return type annotation  [no-untyped-def]\ntests/test_use_cases.py:102: note: Use \"-> None\" if function does not return a value\ntests/test_use_cases.py:113: error: Function is missing a return type annotation  [no-untyped-def]\ntests/test_use_cases.py:113: note: Use \"-> None\" if function does not return a value\ntests/test_use_cases.py:138: error: Function is missing a return type annotation  [no-untyped-def]\ntests/test_use_cases.py:138: note: Use \"-> None\" if function does not return a value\ntests/test_use_cases.py:171: error: Function is missing a return type annotation  [no-untyped-def]\ntests/test_use_cases.py:171: note: Use \"-> None\" if function does not return a value\ntests/test_use_cases.py:188: error: Function is missing a return type annotation  [no-untyped-def]\ntests/test_use_cases.py:188: note: Use \"-> None\" if function does not return a value\ntests/test_use_cases.py:238: error: Function is missing a return type annotation  [no-untyped-def]\ntests/test_use_cases.py:238: note: Use \"-> None\" if function does not return a value\ntests/test_use_cases.py:255: error: Function is missing a return type annotation  [no-untyped-def]\ntests/test_use_cases.py:255: note: Use \"-> None\" if function does not return a value\ntests/test_use_cases.py:270: error: Function is missing a return type annotation  [no-untyped-def]\ntests/test_use_cases.py:270: note: Use \"-> None\" if function does not return a value\ntests/test_usage_tracking.py:23: error: Function is missing a return type annotation  [no-untyped-def]\ntests/test_usage_tracking.py:32: error: Function is missing a return type annotation  [no-untyped-def]\ntests/test_usage_tracking.py:44: error: Function is missing a return type annotation  [no-untyped-def]\ntests/test_usage_tracking.py:53: error: Function is missing a return type annotation  [no-untyped-def]\ntests/test_usage_tracking.py:70: error: Function is missing a return type annotation  [no-untyped-def]\ntests/test_usage_tracking.py:87: error: Function is missing a return type annotation  [no-untyped-def]\ntests/test_usage_tracking.py:106: error: Function is missing a return type annotation  [no-untyped-def]\ntests/test_usage_tracking.py:125: error: Function is missing a return type annotation  [no-untyped-def]\ntests/test_usage_tracking.py:140: error: Function is missing a return type annotation  [no-untyped-def]\ntests/test_usage_tracking.py:172: error: Function is missing a return type annotation  [no-untyped-def]\ntests/test_usage_tracking.py:202: error: Function is missing a return type annotation  [no-untyped-def]\ntests/test_usage_tracking.py:221: error: Function is missing a return type annotation  [no-untyped-def]\ntests/test_usage_tracking.py:229: error: Function is missing a return type annotation  [no-untyped-def]\ntests/test_usage_tracking.py:237: error: Function is missing a return type annotation  [no-untyped-def]\ntests/test_usage_tracking.py:245: error: Function is missing a return type annotation  [no-untyped-def]\ntests/test_usage_tracking.py:254: error: Function is missing a return type annotation  [no-untyped-def]\ntests/test_usage_tracking.py:263: error: Function is missing a return type annotation  [no-untyped-def]\ntests/test_usage_tracking.py:271: error: Function is missing a return type annotation  [no-untyped-def]\ntests/test_usage_tracking.py:284: error: Function is missing a return type annotation  [no-untyped-def]\ntests/test_usage_tracking.py:314: error: Function is missing a return type annotation  [no-untyped-def]\ntests/test_usage_tracking.py:327: error: Function is missing a return type annotation  [no-untyped-def]\ntests/test_usage_tracking.py:346: error: Function is missing a return type annotation  [no-untyped-def]\ntests/test_usage_tracking.py:346: note: Use \"-> None\" if function does not return a value\ntests/test_usage_tracking.py:351: error: Function is missing a return type annotation  [no-untyped-def]\ntests/test_usage_tracking.py:351: note: Use \"-> None\" if function does not return a value\ntests/test_usage_tracking.py:364: error: Function is missing a return type annotation  [no-untyped-def]\ntests/test_usage_tracking.py:381: error: Function is missing a return type annotation  [no-untyped-def]\ntests/test_usage_tracking.py:397: error: Function is missing a return type annotation  [no-untyped-def]\ntests/test_usage_tracking.py:415: error: Function is missing a return type annotation  [no-untyped-def]\ntests/test_usage_tracking.py:424: error: Function is missing a return type annotation  [no-untyped-def]\ntests/test_auth_helpers.py:26: error: Function is missing a return type annotation  [no-untyped-def]\ntests/test_auth_helpers.py:26: note: Use \"-> None\" if function does not return a value\ntests/test_auth_helpers.py:60: error: Function is missing a return type annotation  [no-untyped-def]\ntests/test_auth_helpers.py:60: note: Use \"-> None\" if function does not return a value\ntests/test_auth_helpers.py:90: error: Function is missing a return type annotation  [no-untyped-def]\ntests/test_auth_helpers.py:90: note: Use \"-> None\" if function does not return a value\ntests/test_auth_helpers.py:114: error: Function is missing a return type annotation  [no-untyped-def]\ntests/test_auth_helpers.py:114: note: Use \"-> None\" if function does not return a value\ntests/test_auth_helpers.py:135: error: Function is missing a return type annotation  [no-untyped-def]\ntests/test_auth_helpers.py:135: note: Use \"-> None\" if function does not return a value\ntests/test_auth_helpers.py:167: error: Function is missing a return type annotation  [no-untyped-def]\ntests/test_auth_helpers.py:167: note: Use \"-> None\" if function does not return a value\ntests/test_auth_helpers.py:181: error: Function is missing a return type annotation  [no-untyped-def]\ntests/test_auth_helpers.py:181: note: Use \"-> None\" if function does not return a value\ntests/test_auth_helpers.py:190: error: Function is missing a return type annotation  [no-untyped-def]\ntests/test_auth_helpers.py:190: note: Use \"-> None\" if function does not return a value\ntests/test_auth_helpers.py:199: error: Function is missing a return type annotation  [no-untyped-def]\ntests/test_auth_helpers.py:203: error: Function is missing a return type annotation  [no-untyped-def]\ntests/test_auth_helpers.py:219: error: Function is missing a return type annotation  [no-untyped-def]\ntests/test_auth_helpers.py:219: note: Use \"-> None\" if function does not return a value\ntests/test_auth_helpers.py:231: error: Function is missing a return type annotation  [no-untyped-def]\ntests/test_auth_helpers.py:231: note: Use \"-> None\" if function does not return a value\ntests/test_auth_helpers.py:242: error: Function is missing a return type annotation  [no-untyped-def]\ntests/test_auth_helpers.py:242: note: Use \"-> None\" if function does not return a value\ntests/test_auth_helpers.py:253: error: Function is missing a return type annotation  [no-untyped-def]\ntests/test_auth_helpers.py:253: note: Use \"-> None\" if function does not return a value\ntests/test_auth_helpers.py:262: error: Function is missing a return type annotation  [no-untyped-def]\ntests/test_auth_helpers.py:262: note: Use \"-> None\" if function does not return a value\ntests/test_auth_helpers.py:274: error: Function is missing a return type annotation  [no-untyped-def]\ntests/test_auth_helpers.py:274: note: Use \"-> None\" if function does not return a value\ntests/test_vector_store_repository.py:21: error: Function is missing a return type annotation  [no-untyped-def]\ntests/test_vector_store_repository.py:61: error: Function is missing a return type annotation  [no-untyped-def]\ntests/test_vector_store_repository.py:86: error: Function is missing a return type annotation  [no-untyped-def]\ntests/test_vector_store_repository.py:113: error: Function is missing a return type annotation  [no-untyped-def]\ntests/test_vector_store_repository.py:136: error: Function is missing a return type annotation  [no-untyped-def]\ntests/test_vector_store_repository.py:161: error: Function is missing a return type annotation  [no-untyped-def]\ntests/test_vector_store_repository.py:193: error: Function is missing a return type annotation  [no-untyped-def]\ntests/test_vector_store_repository.py:225: error: Function is missing a return type annotation  [no-untyped-def]\ntests/test_vector_store_repository.py:255: error: Function is missing a return type annotation  [no-untyped-def]\ntests/test_vector_store_repository.py:293: error: Function is missing a return type annotation  [no-untyped-def]\ntests/test_vector_store_repository.py:315: error: Function is missing a return type annotation  [no-untyped-def]\ntests/test_vector_store_repository.py:347: error: Function is missing a return type annotation  [no-untyped-def]\ntests/test_vector_store_repository.py:352: error: Function is missing a return type annotation  [no-untyped-def]\ntests/test_vector_store_repository.py:359: error: Function is missing a return type annotation  [no-untyped-def]\ntests/test_vector_store_repository.py:367: error: Function is missing a return type annotation  [no-untyped-def]\ntests/test_vector_store_repository.py:385: error: Function is missing a return type annotation  [no-untyped-def]\ntests/test_query_parser.py:16: error: Function is missing a return type annotation  [no-untyped-def]\ntests/test_query_parser.py:26: error: Function is missing a return type annotation  [no-untyped-def]\ntests/test_query_parser.py:52: error: Function is missing a return type annotation  [no-untyped-def]\ntests/test_query_parser.py:78: error: Function is missing a return type annotation  [no-untyped-def]\ntests/test_query_parser.py:107: error: Function is missing a return type annotation  [no-untyped-def]\ntests/test_query_parser.py:129: error: Function is missing a return type annotation  [no-untyped-def]\ntests/test_query_parser.py:151: error: Function is missing a return type annotation  [no-untyped-def]\ntests/test_query_parser.py:179: error: Function is missing a return type annotation  [no-untyped-def]\ntests/test_query_parser.py:203: error: Function is missing a return type annotation  [no-untyped-def]\ntests/test_query_parser.py:226: error: Function is missing a return type annotation  [no-untyped-def]\ntests/test_reformulation.py:48: error: Value of type \"object\" is not indexable  [index]\ntests/test_reformulation.py:49: error: Value of type \"object\" is not indexable  [index]\ntests/test_reformulation.py:53: error: Value of type \"object\" is not indexable  [index]\ntests/test_reformulation.py:57: error: Value of type \"object\" is not indexable  [index]\ntests/test_reformulation.py:58: error: Value of type \"object\" is not indexable  [index]\ntests/test_rag_service_unit.py:23: error: Function is missing a return type annotation  [no-untyped-def]\ntests/test_rag_service_unit.py:49: error: Function is missing a return type annotation  [no-untyped-def]\ntests/test_rag_service_unit.py:63: error: Function is missing a return type annotation  [no-untyped-def]\ntests/test_rag_service_unit.py:71: error: Function is missing a return type annotation  [no-untyped-def]\ntests/test_rag_service_unit.py:71: note: Use \"-> None\" if function does not return a value\ntests/test_rag_service_unit.py:87: error: Function is missing a return type annotation  [no-untyped-def]\ntests/test_rag_service_unit.py:127: error: Function is missing a return type annotation  [no-untyped-def]\ntests/test_rag_service_unit.py:147: error: Function is missing a return type annotation  [no-untyped-def]\ntests/test_rag_service_unit.py:163: error: Function is missing a return type annotation  [no-untyped-def]\ntests/test_rag_service_unit.py:200: error: Function is missing a return type annotation  [no-untyped-def]\ntests/test_rag_service_unit.py:229: error: Function is missing a return type annotation  [no-untyped-def]\ntests/test_rag_service_unit.py:255: error: Function is missing a return type annotation  [no-untyped-def]\ntests/test_rag_service_unit.py:279: error: Function is missing a return type annotation  [no-untyped-def]\ntests/test_rag_service_unit.py:287: error: Function is missing a return type annotation  [no-untyped-def]\ntests/test_rag_service_unit.py:303: error: Function is missing a return type annotation  [no-untyped-def]\ntests/test_rag_service_unit.py:320: error: Function is missing a return type annotation  [no-untyped-def]\ntests/test_rag_service_unit.py:336: error: Function is missing a return type annotation  [no-untyped-def]\ntests/test_rag_service_unit.py:349: error: Function is missing a return type annotation  [no-untyped-def]\ntests/test_rag_service_unit.py:349: note: Use \"-> None\" if function does not return a value\ntests/test_rag_service_unit.py:360: error: Function is missing a return type annotation  [no-untyped-def]\ntests/test_rag_service_unit.py:385: error: Function is missing a return type annotation  [no-untyped-def]\ntests/test_rag_service_unit.py:399: error: Function is missing a return type annotation  [no-untyped-def]\ntests/test_rag_service_unit.py:420: error: Function is missing a return type annotation  [no-untyped-def]\ntests/test_rag_service_unit.py:435: error: Function is missing a return type annotation  [no-untyped-def]\ntests/test_rag_service_unit.py:441: error: Function is missing a return type annotation  [no-untyped-def]\ntests/test_rag_service_unit.py:459: error: Function is missing a return type annotation  [no-untyped-def]\nmain.py:35: error: Function is missing a return type annotation  [no-untyped-def]\nmain.py:98: error: Function is missing a return type annotation  [no-untyped-def]\nmain.py:150: error: Function is missing a return type annotation  [no-untyped-def]\ntests/test_bug_report.py:21: error: Function is missing a return type annotation  [no-untyped-def]\ntests/test_bug_report.py:21: note: Use \"-> None\" if function does not return a value\ntests/test_bug_report.py:42: error: Function is missing a return type annotation  [no-untyped-def]\ntests/test_bug_report.py:42: note: Use \"-> None\" if function does not return a value\ntests/test_bug_report.py:66: error: Function is missing a return type annotation  [no-untyped-def]\ntests/test_bug_report.py:66: note: Use \"-> None\" if function does not return a value\ntests/test_bug_report.py:86: error: Function is missing a return type annotation  [no-untyped-def]\ntests/test_bug_report.py:86: note: Use \"-> None\" if function does not return a value\ntests/test_bug_report.py:104: error: Function is missing a return type annotation  [no-untyped-def]\ntests/test_bug_report.py:104: note: Use \"-> None\" if function does not return a value\ntests/test_bug_report.py:128: error: Function is missing a return type annotation  [no-untyped-def]\ntests/test_bug_report.py:128: note: Use \"-> None\" if function does not return a value\ntests/test_bug_report.py:153: error: Function is missing a return type annotation  [no-untyped-def]\ntests/test_bug_report.py:153: note: Use \"-> None\" if function does not return a value\ntests/test_bug_report.py:165: error: Function is missing a return type annotation  [no-untyped-def]\ntests/test_bug_report.py:165: note: Use \"-> None\" if function does not return a value\ntests/test_bug_report.py:177: error: Function is missing a return type annotation  [no-untyped-def]\ntests/test_bug_report.py:177: note: Use \"-> None\" if function does not return a value\ntests/test_bug_report.py:202: error: Function is missing a return type annotation  [no-untyped-def]\ntests/test_bug_report.py:202: note: Use \"-> None\" if function does not return a value\ntests/test_bug_report.py:225: error: Function is missing a return type annotation  [no-untyped-def]\ntests/test_bug_report.py:225: note: Use \"-> None\" if function does not return a value\ntests/test_bug_report.py:254: error: Function is missing a return type annotation  [no-untyped-def]\ntests/test_bug_report.py:254: note: Use \"-> None\" if function does not return a value\ntests/test_bug_report.py:279: error: Function is missing a return type annotation  [no-untyped-def]\ntests/test_bug_report.py:279: note: Use \"-> None\" if function does not return a value\ntests/test_bug_report.py:298: error: Function is missing a return type annotation  [no-untyped-def]\ntests/test_bug_report.py:298: note: Use \"-> None\" if function does not return a value\ntests/test_bug_report.py:305: error: Function is missing a return type annotation  [no-untyped-def]\ntests/test_bug_report.py:305: note: Use \"-> None\" if function does not return a value\ntests/test_auth_endpoints_integration.py:22: error: Function is missing a return type annotation  [no-untyped-def]\ntests/test_auth_endpoints_integration.py:59: error: Function is missing a return type annotation  [no-untyped-def]\ntests/test_auth_endpoints_integration.py:66: error: Function is missing a return type annotation  [no-untyped-def]\ntests/test_auth_endpoints_integration.py:100: error: Function is missing a return type annotation  [no-untyped-def]\ntests/test_auth_endpoints_integration.py:123: error: Function is missing a return type annotation  [no-untyped-def]\ntests/test_auth_endpoints_integration.py:130: error: Function is missing a return type annotation  [no-untyped-def]\ntests/test_auth_endpoints_integration.py:151: error: Function is missing a return type annotation  [no-untyped-def]\ntests/test_auth_endpoints_integration.py:179: error: Function is missing a return type annotation  [no-untyped-def]\ntests/test_auth_endpoints_integration.py:186: error: Function is missing a return type annotation  [no-untyped-def]\ntests/test_auth_endpoints_integration.py:207: error: Function is missing a return type annotation  [no-untyped-def]\ntests/test_auth_endpoints_integration.py:235: error: Function is missing a return type annotation  [no-untyped-def]\ntests/test_auth_endpoints_integration.py:242: error: Function is missing a return type annotation  [no-untyped-def]\ntests/test_auth_endpoints_integration.py:263: error: Function is missing a return type annotation  [no-untyped-def]\ntests/test_auth_endpoints_integration.py:263: note: Use \"-> None\" if function does not return a value\ntests/test_auth_endpoints_integration.py:272: error: Function is missing a return type annotation  [no-untyped-def]\ntests/test_auth_endpoints_integration.py:272: note: Use \"-> None\" if function does not return a value\ntests/test_auth_endpoints_integration.py:291: error: Function is missing a return type annotation  [no-untyped-def]\ntests/test_auth_endpoints_integration.py:315: error: Function is missing a return type annotation  [no-untyped-def]\ntests/test_auth_endpoints_integration.py:315: note: Use \"-> None\" if function does not return a value\ntests/test_auth_endpoints_integration.py:324: error: Function is missing a return type annotation  [no-untyped-def]\ntests/test_auth_endpoints_integration.py:324: note: Use \"-> None\" if function does not return a value\ntests/test_auth_endpoints_integration.py:334: error: Function is missing a return type annotation  [no-untyped-def]\ntests/test_auth_endpoints_integration.py:358: error: Function is missing a return type annotation  [no-untyped-def]\ntests/test_auth_endpoints_integration.py:358: note: Use \"-> None\" if function does not return a value\ntests/test_auth_endpoints_integration.py:404: error: Function is missing a return type annotation  [no-untyped-def]\ntests/test_auth_endpoints_integration.py:404: note: Use \"-> None\" if function does not return a value\ntests/test_auth_endpoints_integration.py:440: error: Function is missing a return type annotation  [no-untyped-def]\ntests/test_auth_endpoints_integration.py:480: error: Function is missing a return type annotation  [no-untyped-def]\ntests/test_auth_endpoints_integration.py:487: error: Function is missing a return type annotation  [no-untyped-def]\ntests/test_auth_endpoints_integration.py:511: error: Function is missing a return type annotation  [no-untyped-def]\ntests/test_auth_endpoints_integration.py:511: note: Use \"-> None\" if function does not return a value\ntests/test_auth_endpoints_integration.py:517: error: Function is missing a return type annotation  [no-untyped-def]\ntests/test_auth_endpoints_integration.py:517: note: Use \"-> None\" if function does not return a value\ntests/test_auth_endpoints_integration.py:529: error: Function is missing a return type annotation  [no-untyped-def]\ntests/test_auth_endpoints_integration.py:569: error: Function is missing a return type annotation  [no-untyped-def]\ntests/test_auth_endpoints_integration.py:576: error: Function is missing a return type annotation  [no-untyped-def]\ntests/test_auth_endpoints_integration.py:602: error: Function is missing a return type annotation  [no-untyped-def]\ntests/test_auth_endpoints_integration.py:643: error: Function is missing a return type annotation  [no-untyped-def]\ntests/test_auth_endpoints_integration.py:650: error: Function is missing a return type annotation  [no-untyped-def]\ntests/conftest.py:28: error: Function is missing a return type annotation  [no-untyped-def]\ntests/conftest.py:41: error: Function is missing a return type annotation  [no-untyped-def]\ntests/conftest.py:64: error: Function is missing a return type annotation  [no-untyped-def]\ntests/conftest.py:75: note: By default the bodies of untyped functions are not checked, consider using --check-untyped-defs  [annotation-unchecked]\ntests/conftest.py:77: error: Function is missing a return type annotation  [no-untyped-def]\ntests/conftest.py:108: error: Function is missing a return type annotation  [no-untyped-def]\ntests/conftest.py:194: error: Function is missing a return type annotation  [no-untyped-def]\ntests/conftest.py:202: error: Function is missing a return type annotation  [no-untyped-def]\ntests/conftest.py:212: error: Function is missing a return type annotation  [no-untyped-def]\ntests/conftest.py:244: error: Function is missing a return type annotation  [no-untyped-def]\ntests/conftest.py:275: error: Function is missing a return type annotation  [no-untyped-def]\nFound 220 errors in 20 files (checked 59 source files)"
    },
    {
      "name": "Pylint",
      "role": "Linter (Quality)",
      "status": "FAILED",
      "severity": "7 errors, 9 warnings, 46 info",
      "details": "\u001b[7;33m************* Module tests.conftest\u001b[0m\ntests/conftest.py:71:4: C0415: \u001b[1mImport outside toplevel (app.core.auth.verify_firebase_token)\u001b[0m (\u001b[1mimport-outside-toplevel\u001b[0m)\ntests/conftest.py:72:4: C0415: \u001b[1mImport outside toplevel (fastapi.HTTPException, fastapi.status)\u001b[0m (\u001b[1mimport-outside-toplevel\u001b[0m)\ntests/conftest.py:189:11: W0718: \u001b[35mCatching too general exception Exception\u001b[0m (\u001b[35mbroad-exception-caught\u001b[0m)\ntests/conftest.py:180:16: R1732: \u001b[1;3;35mConsider using 'with' for resource-allocating operations\u001b[0m (\u001b[1;3;35mconsider-using-with\u001b[0m)\ntests/conftest.py:222:4: C0415: \u001b[1mImport outside toplevel (app.repositories.vector_store_repository.VectorStoreRepository)\u001b[0m (\u001b[1mimport-outside-toplevel\u001b[0m)\ntests/conftest.py:14:0: C0411: \u001b[1mthird party import \"fastapi.testclient.TestClient\" should be placed before first party import \"app.core.config.settings\" \u001b[0m (\u001b[1mwrong-import-order\u001b[0m)\n\u001b[7;33m************* Module tests.test_auth_helpers\u001b[0m\ntests/test_auth_helpers.py:19:0: C0411: \u001b[1mthird party import \"fastapi.HTTPException\" should be placed before first party import \"app.routers.auth_router.clear_cache\" \u001b[0m (\u001b[1mwrong-import-order\u001b[0m)\n\u001b[7;33m************* Module tests.test_bug_report_video\u001b[0m\ntests/test_bug_report_video.py:24:8: C0415: \u001b[1mImport outside toplevel (cv2)\u001b[0m (\u001b[1mimport-outside-toplevel\u001b[0m)\ntests/test_bug_report_video.py:33:17: E1101: \u001b[1;31mModule 'cv2' has no 'VideoWriter_fourcc' member\u001b[0m (\u001b[1;31mno-member\u001b[0m)\ntests/test_bug_report_video.py:37:8: C0415: \u001b[1mImport outside toplevel (tempfile)\u001b[0m (\u001b[1mimport-outside-toplevel\u001b[0m)\ntests/test_bug_report_video.py:42:14: E1101: \u001b[1;31mModule 'cv2' has no 'VideoWriter' member\u001b[0m (\u001b[1;31mno-member\u001b[0m)\ntests/test_bug_report_video.py:52:12: E1101: \u001b[1;31mModule 'cv2' has no 'putText' member\u001b[0m (\u001b[1;31mno-member\u001b[0m)\ntests/test_bug_report_video.py:56:16: E1101: \u001b[1;31mModule 'cv2' has no 'FONT_HERSHEY_SIMPLEX' member\u001b[0m (\u001b[1;31mno-member\u001b[0m)\ntests/test_bug_report_video.py:61:12: E1101: \u001b[1;31mModule 'cv2' has no 'putText' member\u001b[0m (\u001b[1;31mno-member\u001b[0m)\ntests/test_bug_report_video.py:65:16: E1101: \u001b[1;31mModule 'cv2' has no 'FONT_HERSHEY_SIMPLEX' member\u001b[0m (\u001b[1;31mno-member\u001b[0m)\ntests/test_bug_report_video.py:80:8: C0415: \u001b[1mImport outside toplevel (os)\u001b[0m (\u001b[1mimport-outside-toplevel\u001b[0m)\ntests/test_bug_report_video.py:150:11: W0718: \u001b[35mCatching too general exception Exception\u001b[0m (\u001b[35mbroad-exception-caught\u001b[0m)\ntests/test_bug_report_video.py:123:19: W3101: \u001b[35mMissing timeout argument for method 'requests.post' can cause your program to hang indefinitely\u001b[0m (\u001b[35mmissing-timeout\u001b[0m)\ntests/test_bug_report_video.py:152:8: C0415: \u001b[1mImport outside toplevel (traceback)\u001b[0m (\u001b[1mimport-outside-toplevel\u001b[0m)\n\u001b[7;33m************* Module tests.test_auth_endpoints_integration\u001b[0m\ntests/test_auth_endpoints_integration.py:60:16: R1705: \u001b[1;3;35mUnnecessary \"elif\" after \"return\", remove the leading \"el\" from \"elif\"\u001b[0m (\u001b[1;3;35mno-else-return\u001b[0m)\ntests/test_auth_endpoints_integration.py:124:16: R1705: \u001b[1;3;35mUnnecessary \"elif\" after \"return\", remove the leading \"el\" from \"elif\"\u001b[0m (\u001b[1;3;35mno-else-return\u001b[0m)\ntests/test_auth_endpoints_integration.py:180:16: R1705: \u001b[1;3;35mUnnecessary \"elif\" after \"return\", remove the leading \"el\" from \"elif\"\u001b[0m (\u001b[1;3;35mno-else-return\u001b[0m)\ntests/test_auth_endpoints_integration.py:236:16: R1705: \u001b[1;3;35mUnnecessary \"elif\" after \"return\", remove the leading \"el\" from \"elif\"\u001b[0m (\u001b[1;3;35mno-else-return\u001b[0m)\ntests/test_auth_endpoints_integration.py:481:20: R1705: \u001b[1;3;35mUnnecessary \"elif\" after \"return\", remove the leading \"el\" from \"elif\"\u001b[0m (\u001b[1;3;35mno-else-return\u001b[0m)\ntests/test_auth_endpoints_integration.py:570:20: R1705: \u001b[1;3;35mUnnecessary \"elif\" after \"return\", remove the leading \"el\" from \"elif\"\u001b[0m (\u001b[1;3;35mno-else-return\u001b[0m)\ntests/test_auth_endpoints_integration.py:644:20: R1705: \u001b[1;3;35mUnnecessary \"elif\" after \"return\", remove the leading \"el\" from \"elif\"\u001b[0m (\u001b[1;3;35mno-else-return\u001b[0m)\ntests/test_auth_endpoints_integration.py:13:0: C0411: \u001b[1mthird party import \"fastapi.testclient.TestClient\" should be placed before first party import \"app.routers.auth_router.clear_cache\" \u001b[0m (\u001b[1mwrong-import-order\u001b[0m)\n\u001b[7;33m************* Module tests.test_query_parser\u001b[0m\ntests/test_query_parser.py:12:0: C0411: \u001b[1mthird party import \"langchain_core.output_parsers.StrOutputParser\" should be placed before first party import \"app.services.query_parser_service.FileFilterResponse\" \u001b[0m (\u001b[1mwrong-import-order\u001b[0m)\n\u001b[7;33m************* Module tests.test_bug_report\u001b[0m\ntests/test_bug_report.py:69:0: C0301: \u001b[1mLine too long (345/120)\u001b[0m (\u001b[1mline-too-long\u001b[0m)\ntests/test_bug_report.py:106:8: C0415: \u001b[1mImport outside toplevel (zipfile)\u001b[0m (\u001b[1mimport-outside-toplevel\u001b[0m)\ntests/test_bug_report.py:300:8: C0415: \u001b[1mImport outside toplevel (app.services.email_service.get_email_service)\u001b[0m (\u001b[1mimport-outside-toplevel\u001b[0m)\ntests/test_bug_report.py:307:8: C0415: \u001b[1mImport outside toplevel (app.services.email_service.get_email_service)\u001b[0m (\u001b[1mimport-outside-toplevel\u001b[0m)\n\u001b[7;33m************* Module tests.test_bug_report_archive\u001b[0m\ntests/test_bug_report_archive.py:72:0: C0301: \u001b[1mLine too long (133/120)\u001b[0m (\u001b[1mline-too-long\u001b[0m)\ntests/test_bug_report_archive.py:110:11: W0718: \u001b[35mCatching too general exception Exception\u001b[0m (\u001b[35mbroad-exception-caught\u001b[0m)\ntests/test_bug_report_archive.py:83:19: W3101: \u001b[35mMissing timeout argument for method 'requests.post' can cause your program to hang indefinitely\u001b[0m (\u001b[35mmissing-timeout\u001b[0m)\ntests/test_bug_report_archive.py:112:8: C0415: \u001b[1mImport outside toplevel (traceback)\u001b[0m (\u001b[1mimport-outside-toplevel\u001b[0m)\n\u001b[7;33m************* Module tests.test_vector_store_repository\u001b[0m\ntests/test_vector_store_repository.py:33:19: R1708: \u001b[1;3;35mDo not raise StopIteration in generator, use return statement instead\u001b[0m (\u001b[1;3;35mstop-iteration-return\u001b[0m)\ntests/test_vector_store_repository.py:17:0: C0411: \u001b[1mthird party import \"langchain_core.documents.Document\" should be placed before first party imports \"app.db.chroma_client.get_chroma_client\", \"app.repositories.vector_store_repository.VectorStoreRepository\" \u001b[0m (\u001b[1mwrong-import-order\u001b[0m)\n\u001b[7;33m************* Module tests.test_rag_service_unit\u001b[0m\ntests/test_rag_service_unit.py:16:0: C0411: \u001b[1mthird party import \"pytest\" should be placed before first party import \"app.services.rag_orchestrator_service\" \u001b[0m (\u001b[1mwrong-import-order\u001b[0m)\ntests/test_rag_service_unit.py:19:0: C0411: \u001b[1mthird party import \"langchain_core.documents.Document\" should be placed before first party imports \"app.services.rag_orchestrator_service\", \"app.repositories.vector_store_repository.VectorStoreRepository\", \"app.services.rag_orchestrator_service.RAGService\" \u001b[0m (\u001b[1mwrong-import-order\u001b[0m)\n\u001b[7;33m************* Module tests.test_use_cases\u001b[0m\ntests/test_use_cases.py:111:48: E1101: \u001b[1;31mInstance of 'FieldInfo' has no 'lower' member\u001b[0m (\u001b[1;31mno-member\u001b[0m)\n\u001b[7;33m************* Module tests.test_bug_report_attachment\u001b[0m\ntests/test_bug_report_attachment.py:57:0: C0301: \u001b[1mLine too long (129/120)\u001b[0m (\u001b[1mline-too-long\u001b[0m)\ntests/test_bug_report_attachment.py:24:4: C0415: \u001b[1mImport outside toplevel (PIL.ImageDraw, PIL.ImageFont)\u001b[0m (\u001b[1mimport-outside-toplevel\u001b[0m)\ntests/test_bug_report_attachment.py:90:11: W0718: \u001b[35mCatching too general exception Exception\u001b[0m (\u001b[35mbroad-exception-caught\u001b[0m)\ntests/test_bug_report_attachment.py:68:19: W3101: \u001b[35mMissing timeout argument for method 'requests.post' can cause your program to hang indefinitely\u001b[0m (\u001b[35mmissing-timeout\u001b[0m)\ntests/test_bug_report_attachment.py:127:11: W0718: \u001b[35mCatching too general exception Exception\u001b[0m (\u001b[35mbroad-exception-caught\u001b[0m)\ntests/test_bug_report_attachment.py:112:19: W3101: \u001b[35mMissing timeout argument for method 'requests.post' can cause your program to hang indefinitely\u001b[0m (\u001b[35mmissing-timeout\u001b[0m)\n\u001b[7;33m************* Module setup_tier_limits\u001b[0m\nscripts/setup_tier_limits.py:67:8: R1722: \u001b[1;3;35mConsider using 'sys.exit' instead\u001b[0m (\u001b[1;3;35mconsider-using-sys-exit\u001b[0m)\nscripts/setup_tier_limits.py:9:0: C0411: \u001b[1mthird party import \"firebase_admin.firestore\" should be placed before first party import \"app.core.firebase.initialize_firebase\" \u001b[0m (\u001b[1mwrong-import-order\u001b[0m)\nscripts/setup_tier_limits.py:10:0: C0411: \u001b[1mthird party import \"google.cloud.firestore.SERVER_TIMESTAMP\" should be placed before first party import \"app.core.firebase.initialize_firebase\" \u001b[0m (\u001b[1mwrong-import-order\u001b[0m)\nscripts/setup_tier_limits.py:1:0: R0801: \u001b[1;3;35mSimilar lines in 2 files\n==tests.conftest:[223:249]\n==tests.test_rag_service_unit:[28:55]\n    mock_repo = Mock(spec=VectorStoreRepository)\n\n    # Configure default mock behaviors\n    mock_repo.add_documents.return_value = 10\n    mock_repo.check_document_exists.return_value = False\n    mock_repo.get_user_chunks_sample.return_value = ([], [])\n    mock_repo.count_document_chunks.return_value = 0\n    mock_repo.similarity_search.return_value = []\n    mock_repo.delete_document.return_value = 5\n    mock_repo.delete_all_user_documents.return_value = 20\n\n    # Mock retriever\n    mock_retriever = Mock()\n    mock_retriever.invoke.return_value = []\n    mock_repo.get_retriever.return_value = mock_retriever\n\n    return mock_repo\n\n\n@pytest.fixture\ndef rag_service(mock_repository: Any):  # pylint: disable=W0621\n    \"\"\"\n    Create a RAGService instance with mock repository injected.\n\n    This demonstrates the power of dependency injection - we can test\n    the service layer without any database setup.\n    \"\"\"\u001b[0m (\u001b[1;3;35mduplicate-code\u001b[0m)\nscripts/setup_tier_limits.py:1:0: R0801: \u001b[1;3;35mSimilar lines in 2 files\n==tests.test_auth_endpoints_integration:[367:378]\n==tests.test_invitation_code:[358:369]\n                \"limits\": {\n                    \"FREE\": {\n                        \"max_queries_per_day\": 20,\n                        \"max_files\": 5,\n                        \"max_file_size_mb\": 10,\n                    },\n                    \"PRO\": {\n                        \"max_queries_per_day\": 500,\n                        \"max_files\": 50,\n                        \"max_file_size_mb\": 50,\n                    },\u001b[0m (\u001b[1;3;35mduplicate-code\u001b[0m)\nscripts/setup_tier_limits.py:1:0: R0801: \u001b[1;3;35mSimilar lines in 2 files\n==tests.test_bug_report_attachment:[67:81]\n==tests.test_bug_report_video:[122:136]\n        response = requests.post(API_URL, data=data, files=files)\n\n        print(f\"\\n\ud83d\udce5 Response Status: {response.status_code}\")\n\n        if response.ok:\n            result = response.json()\n            print(\"\u2705 SUCCESS!\")\n            print(f\"   Message: {result.get('message')}\")\n            print(f\"   Report ID: {result.get('report_id')}\")\n            print(f\"   Email Sent: {result.get('email_sent')}\")\n            print(f\"   Attachment Included: {result.get('attachment_included')}\")\n\n            if result.get(\"email_sent\"):\n                print(\u001b[0m (\u001b[1;3;35mduplicate-code\u001b[0m)\nscripts/setup_tier_limits.py:1:0: R0801: \u001b[1;3;35mSimilar lines in 2 files\n==tests.test_bug_report_archive:[97:107]\n==tests.test_bug_report_video:[137:147]\n                )\n            else:\n                print(\"\\n\u26a0\ufe0f Email was not sent (check SendGrid configuration)\")\n        else:\n            print(\"\u274c FAILED!\")\n            error_text = response.text\n            print(f\"   Error: {error_text}\")\n\n            # Check for file size error\n            if response.status_code == 413:\u001b[0m (\u001b[1;3;35mduplicate-code\u001b[0m)\nscripts/setup_tier_limits.py:1:0: R0801: \u001b[1;3;35mSimilar lines in 2 files\n==tests.test_auth_endpoints_integration:[512:526]\n==tests.test_invitation_code:[459:473]\n        response = client.get(\"/auth/usage\")\n\n        assert response.status_code == 422  # FastAPI validation error\n\n    def test_get_usage_with_invalid_token(self):\n        \"\"\"Test usage endpoint with invalid token\"\"\"\n        with patch(\"app.routers.auth_router.auth\") as mock_auth:\n            mock_auth.verify_id_token.side_effect = Exception(\"Invalid token\")\n\n            response = client.get(\n                \"/auth/usage\", headers={\"Authorization\": \"Bearer invalid_token\"}\n            )\n\n            assert response.status_code == 401\u001b[0m (\u001b[1;3;35mduplicate-code\u001b[0m)\nscripts/setup_tier_limits.py:1:0: R0801: \u001b[1;3;35mSimilar lines in 2 files\n==tests.test_bug_report_attachment:[113:122]\n==tests.test_bug_report_video:[124:134]\n        print(f\"\\n\ud83d\udce5 Response Status: {response.status_code}\")\n\n        if response.ok:\n            result = response.json()\n            print(\"\u2705 SUCCESS!\")\n            print(f\"   Message: {result.get('message')}\")\n            print(f\"   Report ID: {result.get('report_id')}\")\n            print(f\"   Email Sent: {result.get('email_sent')}\")\n            print(f\"   Attachment Included: {result.get('attachment_included')}\")\u001b[0m (\u001b[1;3;35mduplicate-code\u001b[0m)\nscripts/setup_tier_limits.py:1:0: R0801: \u001b[1;3;35mSimilar lines in 2 files\n==tests.test_auth_endpoints_integration:[427:436]\n==tests.test_invitation_code:[387:393]\n        assert \"limits\" in data\n        assert \"FREE\" in data[\"limits\"]\n        assert \"PRO\" in data[\"limits\"]\n        assert \"UNLIMITED\" in data[\"limits\"]\n        assert data[\"limits\"][\"FREE\"][\"max_queries_per_day\"] == 20\n        assert data[\"limits\"][\"PRO\"][\"max_queries_per_day\"] == 500\u001b[0m (\u001b[1;3;35mduplicate-code\u001b[0m)\nscripts/setup_tier_limits.py:1:0: R0801: \u001b[1;3;35mSimilar lines in 2 files\n==tests.test_bug_report_archive:[109:118]\n==tests.test_bug_report_video:[149:158]\n    except Exception as e:\n        print(f\"\u274c Exception occurred: {str(e)}\")\n        import traceback\n\n        traceback.print_exc()\n\n\nif __name__ == \"__main__\":\n    print(\"=\" * 60)\u001b[0m (\u001b[1;3;35mduplicate-code\u001b[0m)\nscripts/setup_tier_limits.py:1:0: R0801: \u001b[1;3;35mSimilar lines in 2 files\n==tests.test_auth_endpoints_integration:[396:401]\n==tests.test_invitation_code:[387:392]\n            assert \"limits\" in data\n            assert \"FREE\" in data[\"limits\"]\n            assert \"PRO\" in data[\"limits\"]\n            assert \"UNLIMITED\" in data[\"limits\"]  # Always injected\n            assert data[\"limits\"][\"FREE\"][\"max_queries_per_day\"] == 20\u001b[0m (\u001b[1;3;35mduplicate-code\u001b[0m)\nscripts/setup_tier_limits.py:1:0: R0801: \u001b[1;3;35mSimilar lines in 2 files\n==tests.test_auth_endpoints_integration:[269:278]\n==tests.test_invitation_code:[270:281]\n        assert response.status_code == 422  # FastAPI validation error\n\n    def test_register_with_invalid_token(self):\n        \"\"\"Test registration with invalid authorization token\"\"\"\n        with patch(\"app.routers.auth_router.auth\") as mock_auth:\n            mock_auth.verify_id_token.side_effect = Exception(\"Invalid token\")\n\n            response = client.post(\n                \"/auth/register\",\u001b[0m (\u001b[1;3;35mduplicate-code\u001b[0m)\nscripts/setup_tier_limits.py:1:0: R0801: \u001b[1;3;35mSimilar lines in 2 files\n==tests.test_auth_endpoints_integration:[116:122]\n==tests.test_invitation_code:[173:180]\n            config_doc = MagicMock()\n            config_doc.exists = True\n            config_doc.to_dict.return_value = {\"unlimited_emails\": [], \"limits\": {}}\n            config_ref = MagicMock()\n            config_ref.get.return_value = config_doc\n\u001b[0m (\u001b[1;3;35mduplicate-code\u001b[0m)\nscripts/setup_tier_limits.py:1:0: R0801: \u001b[1;3;35mSimilar lines in 2 files\n==tests.test_auth_endpoints_integration:[35:40]\n==tests.test_invitation_code:[64:69]\n            code_doc = MagicMock()\n            code_doc.exists = True\n            code_doc.to_dict.return_value = {\n                \"tier\": \"FREE\",\n                \"is_used\": False,\u001b[0m (\u001b[1;3;35mduplicate-code\u001b[0m)\n\n\nReport\n======\n2075 statements analysed.\n\nStatistics by type\n------------------\n\n+---------+-------+-----------+-----------+------------+---------+\n|type     |number |old number |difference |%documented |%badname |\n+=========+=======+===========+===========+============+=========+\n|module   |23     |23         |=          |95.65       |0.00     |\n+---------+-------+-----------+-----------+------------+---------+\n|class    |38     |38         |=          |100.00      |0.00     |\n+---------+-------+-----------+-----------+------------+---------+\n|method   |174    |174        |=          |100.00      |0.00     |\n+---------+-------+-----------+-----------+------------+---------+\n|function |46     |46         |=          |100.00      |0.00     |\n+---------+-------+-----------+-----------+------------+---------+\n\n\n\nExternal dependencies\n---------------------\n::\n\n    PIL \n      \\-Image (tests.test_bug_report_attachment)\n      \\-ImageDraw (tests.test_bug_report_attachment)\n      \\-ImageFont (tests.test_bug_report_attachment)\n    app \n      \\-core \n      | \\-auth (tests.conftest)\n      | \\-config (tests.conftest)\n      | \\-firebase (setup_tier_limits)\n      | \\-logging (app.repositories.vector_store_repository)\n      \\-db \n      | \\-chroma_client (app.repositories.dependencies,tests.test_vector_store_repository)\n      \\-repositories \n      | \\-dependencies (tests.test_reformulation)\n      | \\-vector_store_repository (app.repositories.dependencies,tests.conftest,tests.test_rag_service_unit,tests.test_vector_store_repository)\n      \\-routers \n      | \\-auth_router (tests.test_auth_endpoints_integration,tests.test_auth_helpers)\n      \\-schemas \n      | \\-rag_schema (tests.test_reformulation)\n      | \\-use_cases (tests.test_use_cases)\n      \\-services \n        \\-document_classifier_service (tests.test_structural_fallback)\n        \\-email_service (tests.test_bug_report)\n        \\-prompt_template_service (tests.test_use_cases)\n        \\-query_parser_service (tests.test_query_parser)\n        \\-rag_orchestrator_service (tests.test_rag_service_unit,tests.test_reformulation)\n        \\-usage_tracking_service (tests.test_usage_tracking)\n    chromadb (app.repositories.dependencies,app.repositories.vector_store_repository)\n    cv2 (tests.test_bug_report_video)\n    fastapi (app.repositories.dependencies,tests.conftest,tests.test_auth_helpers,tests.test_bug_report)\n      \\-testclient (tests.conftest,tests.test_auth_endpoints_integration,tests.test_bug_report,tests.test_invitation_code)\n    firebase_admin \n      \\-firestore (setup_tier_limits)\n    google \n      \\-cloud \n        \\-firestore (setup_tier_limits)\n    langchain_community \n      \\-vectorstores (app.repositories.dependencies,app.repositories.vector_store_repository)\n    langchain_core \n      \\-documents (app.repositories.vector_store_repository,tests.test_rag_service_unit,tests.test_vector_store_repository)\n      \\-output_parsers (tests.test_query_parser)\n      \\-vectorstores (app.repositories.vector_store_repository)\n    main (tests.conftest,tests.test_auth_endpoints_integration,tests.test_bug_report)\n    numpy (tests.test_bug_report_video)\n    pytest (tests.conftest,tests.test_auth_endpoints_integration,tests.test_auth_helpers,tests.test_bug_report,tests.test_document_crud,tests.test_invitation_code,tests.test_query_parser,tests.test_rag_service_unit,tests.test_usage_tracking,tests.test_use_cases,tests.test_vector_store_repository)\n    requests (tests.test_bug_report_archive,tests.test_bug_report_attachment,tests.test_bug_report_video)\n\n\n\n5204 lines have been analyzed\n\nRaw metrics\n-----------\n\n+----------+-------+------+---------+-----------+\n|type      |number |%     |previous |difference |\n+==========+=======+======+=========+===========+\n|code      |2949   |56.67 |2949     |=          |\n+----------+-------+------+---------+-----------+\n|docstring |902    |17.33 |902      |=          |\n+----------+-------+------+---------+-----------+\n|comment   |371    |7.13  |371      |=          |\n+----------+-------+------+---------+-----------+\n|empty     |982    |18.87 |982      |=          |\n+----------+-------+------+---------+-----------+\n\n\n\nDuplication\n-----------\n\n+-------------------------+------+---------+-----------+\n|                         |now   |previous |difference |\n+=========================+======+=========+===========+\n|nb duplicated lines      |0     |0        |0          |\n+-------------------------+------+---------+-----------+\n|percent duplicated lines |0.000 |0.000    |=          |\n+-------------------------+------+---------+-----------+\n\n\n\nMessages by category\n--------------------\n\n+-----------+-------+---------+-----------+\n|type       |number |previous |difference |\n+===========+=======+=========+===========+\n|convention |24     |24       |24         |\n+-----------+-------+---------+-----------+\n|refactor   |22     |22       |22         |\n+-----------+-------+---------+-----------+\n|warning    |9      |9        |9          |\n+-----------+-------+---------+-----------+\n|error      |7      |7        |7          |\n+-----------+-------+---------+-----------+\n\n\n\n% errors / warnings by module\n-----------------------------\n\n+--------------------------------------+------+--------+---------+-----------+\n|module                                |error |warning |refactor |convention |\n+======================================+======+========+=========+===========+\n|tests.test_bug_report_video           |85.71 |22.22   |0.00     |16.67      |\n+--------------------------------------+------+--------+---------+-----------+\n|tests.test_use_cases                  |14.29 |0.00    |0.00     |0.00       |\n+--------------------------------------+------+--------+---------+-----------+\n|tests.test_bug_report_attachment      |0.00  |44.44   |0.00     |8.33       |\n+--------------------------------------+------+--------+---------+-----------+\n|tests.test_bug_report_archive         |0.00  |22.22   |0.00     |8.33       |\n+--------------------------------------+------+--------+---------+-----------+\n|tests.conftest                        |0.00  |11.11   |4.55     |16.67      |\n+--------------------------------------+------+--------+---------+-----------+\n|tests.test_auth_endpoints_integration |0.00  |0.00    |31.82    |4.17       |\n+--------------------------------------+------+--------+---------+-----------+\n|setup_tier_limits                     |0.00  |0.00    |4.55     |8.33       |\n+--------------------------------------+------+--------+---------+-----------+\n|tests.test_vector_store_repository    |0.00  |0.00    |4.55     |4.17       |\n+--------------------------------------+------+--------+---------+-----------+\n|tests.test_bug_report                 |0.00  |0.00    |0.00     |16.67      |\n+--------------------------------------+------+--------+---------+-----------+\n|tests.test_rag_service_unit           |0.00  |0.00    |0.00     |8.33       |\n+--------------------------------------+------+--------+---------+-----------+\n|tests.test_query_parser               |0.00  |0.00    |0.00     |4.17       |\n+--------------------------------------+------+--------+---------+-----------+\n|tests.test_auth_helpers               |0.00  |0.00    |0.00     |4.17       |\n+--------------------------------------+------+--------+---------+-----------+\n\n\n\nMessages\n--------\n\n+------------------------+------------+\n|message id              |occurrences |\n+========================+============+\n|import-outside-toplevel |12          |\n+------------------------+------------+\n|duplicate-code          |12          |\n+------------------------+------------+\n|wrong-import-order      |9           |\n+------------------------+------------+\n|no-member               |7           |\n+------------------------+------------+\n|no-else-return          |7           |\n+------------------------+------------+\n|broad-exception-caught  |5           |\n+------------------------+------------+\n|missing-timeout         |4           |\n+------------------------+------------+\n|line-too-long           |3           |\n+------------------------+------------+\n|stop-iteration-return   |1           |\n+------------------------+------------+\n|consider-using-with     |1           |\n+------------------------+------------+\n|consider-using-sys-exit |1           |\n+------------------------+------------+\n\n\n\n\n------------------------------------------------------------------\nYour code has been rated at 9.57/10 (previous run: 9.57/10, +0.00)"
    },
    {
      "name": "Lizard",
      "role": "Cyclomatic Complexity (Max 15)",
      "status": "PASSED",
      "severity": "0 violations",
      "details": "usage: lizard [options] [PATH or FILE] [PATH] ...\n/home/andrea/Workspace/document-intelligent-hub/backend/.venv/bin/lizard: error: unrecognized arguments: --threads 4"
    }
  ]
}
